[2021/12/11 15:53:05.011] - Starting server with initial configuration: {"gasLimit":6721975,"gasPrice":20000000000,"hardfork":"muirGlacier","hostname":"127.0.0.1","port":7545,"network_id":5777,"default_balance_ether":100,"total_accounts":5,"unlocked_accounts":[],"locked":false,"vmErrorsOnRPCResponse":true,"verbose":false,"db_path":"/root/.config/Ganache/workspaces/Smart-Contract/chaindata","logDirectory":"/home/manuonda/projects/blockchain/logs"}
[2021/12/11 15:53:05.060] - eth_subscribe
[2021/12/11 15:53:05.061] - eth_getLogs
[2021/12/11 15:53:05.061] - eth_subscribe
[2021/12/11 15:53:05.073] - eth_subscribe
[2021/12/11 15:53:05.073] - eth_getLogs
[2021/12/11 15:53:05.073] - eth_subscribe
[2021/12/11 15:53:05.118] - eth_blockNumber
[2021/12/11 15:53:05.119] - eth_accounts
[2021/12/11 15:53:05.119] - eth_gasPrice
[2021/12/11 15:53:05.120] - eth_getBlockByNumber
[2021/12/11 15:53:05.120] - eth_subscribe
[2021/12/11 15:53:05.128] - eth_accounts
[2021/12/11 15:53:05.148] - eth_getBalance
[2021/12/11 15:53:05.150] - eth_getTransactionCount
[2021/12/11 15:53:05.152] - eth_getBalance
[2021/12/11 15:53:05.154] - eth_getTransactionCount
[2021/12/11 15:53:05.154] - eth_getBalance
[2021/12/11 15:53:05.156] - eth_getTransactionCount
[2021/12/11 15:53:05.157] - eth_getBalance
[2021/12/11 15:53:05.158] - eth_getTransactionCount
[2021/12/11 15:53:05.160] - eth_getBalance
[2021/12/11 15:53:05.162] - eth_getTransactionCount
[2021/12/11 15:53:05.163] - eth_blockNumber
[2021/12/11 15:53:05.164] - eth_accounts
[2021/12/11 15:53:05.164] - eth_gasPrice
[2021/12/11 15:53:05.164] - eth_getBlockByNumber
[2021/12/11 15:53:05.165] - eth_subscribe
[2021/12/11 15:53:05.189] - eth_getTransactionCount
[2021/12/11 15:53:05.190] - eth_getBalance
[2021/12/11 15:53:05.193] - eth_getTransactionCount
[2021/12/11 15:53:05.194] - eth_getBalance
[2021/12/11 15:53:05.196] - eth_getTransactionCount
[2021/12/11 15:53:05.197] - eth_getBalance
[2021/12/11 15:53:05.198] - eth_getTransactionCount
[2021/12/11 15:53:05.199] - eth_getBalance
[2021/12/11 15:53:05.200] - eth_getTransactionCount
[2021/12/11 15:53:05.252] - eth_getBalance
[2021/12/11 15:53:05.253] - eth_getTransactionCount
[2021/12/11 15:53:05.254] - eth_getBalance
[2021/12/11 15:53:05.255] - eth_getTransactionCount
[2021/12/11 15:53:05.257] - eth_getBalance
[2021/12/11 15:53:05.258] - eth_getTransactionCount
[2021/12/11 15:53:05.260] - eth_getBalance
[2021/12/11 15:53:05.262] - eth_getTransactionCount
[2021/12/11 15:53:05.263] - eth_getBalance
[2021/12/11 15:53:05.264] - eth_getTransactionCount
[2021/12/11 15:53:05.282] - eth_getBalance
[2021/12/11 15:53:05.283] - eth_getBalance
[2021/12/11 15:53:05.284] - eth_getTransactionCount
[2021/12/11 15:53:05.285] - eth_getBalance
[2021/12/11 15:53:05.287] - eth_getTransactionCount
[2021/12/11 15:53:05.289] - eth_getBalance
[2021/12/11 15:53:05.289] - eth_getTransactionCount
[2021/12/11 15:53:05.291] - eth_getBalance
[2021/12/11 15:53:05.292] - eth_getTransactionCount
[2021/12/11 15:53:12.847] - eth_unsubscribe
[2021/12/11 15:53:12.848] - eth_unsubscribe
