[2022/03/20 13:01:28.259] - Starting server with initial configuration: {"gasLimit":6721975,"gasPrice":20000000000,"hardfork":"muirGlacier","hostname":"127.0.0.1","port":8545,"network_id":5777,"default_balance_ether":100,"total_accounts":5,"unlocked_accounts":[],"locked":false,"vmErrorsOnRPCResponse":true,"verbose":false,"db_path":"/root/.config/Ganache/workspaces/Smart-Contract/chaindata","logDirectory":"/home/manuonda/projects/blockchain/logs"}
[2022/03/20 13:01:28.313] - eth_subscribe
[2022/03/20 13:01:28.314] - eth_getLogs
[2022/03/20 13:01:28.314] - eth_subscribe
[2022/03/20 13:01:28.347] - eth_subscribe
[2022/03/20 13:01:28.348] - eth_getLogs
[2022/03/20 13:01:28.349] - eth_subscribe
[2022/03/20 13:01:28.378] - eth_blockNumber
[2022/03/20 13:01:28.378] - eth_accounts
[2022/03/20 13:01:28.379] - eth_gasPrice
[2022/03/20 13:01:28.379] - eth_getBlockByNumber
[2022/03/20 13:01:28.379] - eth_subscribe
[2022/03/20 13:01:28.388] - eth_accounts
[2022/03/20 13:01:28.413] - eth_getBalance
[2022/03/20 13:01:28.416] - eth_getTransactionCount
[2022/03/20 13:01:28.416] - eth_getBalance
[2022/03/20 13:01:28.419] - eth_getTransactionCount
[2022/03/20 13:01:28.420] - eth_getBalance
[2022/03/20 13:01:28.422] - eth_getTransactionCount
[2022/03/20 13:01:28.424] - eth_getBalance
[2022/03/20 13:01:28.424] - eth_getTransactionCount
[2022/03/20 13:01:28.426] - eth_getBalance
[2022/03/20 13:01:28.429] - eth_getTransactionCount
[2022/03/20 13:01:28.429] - eth_getBalance
[2022/03/20 13:01:28.431] - eth_getTransactionCount
[2022/03/20 13:01:28.433] - eth_getBalance
[2022/03/20 13:01:28.436] - eth_getTransactionCount
[2022/03/20 13:01:28.437] - eth_getBalance
[2022/03/20 13:01:28.438] - eth_getTransactionCount
[2022/03/20 13:01:28.440] - eth_getBalance
[2022/03/20 13:01:28.441] - eth_getTransactionCount
[2022/03/20 13:01:28.442] - eth_getBalance
[2022/03/20 13:01:28.444] - eth_getTransactionCount
[2022/03/20 13:01:28.446] - eth_blockNumber
[2022/03/20 13:01:28.446] - eth_accounts
[2022/03/20 13:01:28.447] - eth_gasPrice
[2022/03/20 13:01:28.447] - eth_getBlockByNumber
[2022/03/20 13:01:28.448] - eth_subscribe
[2022/03/20 13:01:28.553] - eth_getBalance
[2022/03/20 13:01:28.554] - eth_getTransactionCount
[2022/03/20 13:01:28.557] - eth_getBalance
[2022/03/20 13:01:28.557] - eth_getTransactionCount
[2022/03/20 13:01:28.559] - eth_getBalance
[2022/03/20 13:01:28.562] - eth_getTransactionCount
[2022/03/20 13:01:28.562] - eth_getBalance
[2022/03/20 13:01:28.564] - eth_getTransactionCount
[2022/03/20 13:01:28.566] - eth_getBalance
[2022/03/20 13:01:28.575] - eth_getTransactionCount
[2022/03/20 13:01:28.589] - eth_getBalance
[2022/03/20 13:01:28.591] - eth_getTransactionCount
[2022/03/20 13:01:28.594] - eth_getBalance
[2022/03/20 13:01:28.598] - eth_getTransactionCount
[2022/03/20 13:01:28.601] - eth_getBalance
[2022/03/20 13:01:28.602] - eth_getTransactionCount
[2022/03/20 13:01:28.604] - eth_getBalance
[2022/03/20 13:01:28.608] - eth_getTransactionCount
[2022/03/20 13:01:28.609] - eth_getBalance
[2022/03/20 13:01:28.611] - eth_getTransactionCount
[2022/03/20 13:03:15.823] - eth_blockNumber
[2022/03/20 13:03:15.842] - net_version
[2022/03/20 13:03:15.902] - eth_getBalance
[2022/03/20 13:03:15.905] - eth_getBlockByNumber
[2022/03/20 13:03:16.171] - eth_blockNumber
[2022/03/20 13:03:23.005] - eth_blockNumber
[2022/03/20 13:03:35.912] - eth_blockNumber
[2022/03/20 13:03:43.026] - eth_blockNumber
[2022/03/20 13:03:55.919] - eth_blockNumber
[2022/03/20 13:04:03.037] - eth_blockNumber
[2022/03/20 13:04:15.924] - eth_blockNumber
[2022/03/20 13:04:23.042] - eth_blockNumber
[2022/03/20 13:04:24.175] - eth_chainId
[2022/03/20 13:04:24.230] - eth_chainId
[2022/03/20 13:04:35.929] - eth_blockNumber
[2022/03/20 13:04:41.006] - eth_chainId
[2022/03/20 13:04:41.012] - eth_chainId
[2022/03/20 13:04:43.047] - eth_blockNumber
[2022/03/20 13:05:34.660] - eth_blockNumber
[2022/03/20 13:05:54.766] - eth_blockNumber
[2022/03/20 13:05:57.811] - eth_getBalance
[2022/03/20 13:06:14.790] - eth_blockNumber
[2022/03/20 13:06:27.725] - eth_blockNumber
[2022/03/20 13:07:53.882] - eth_blockNumber
[2022/03/20 13:08:13.623] - eth_getBalance
[2022/03/20 13:08:13.923] - eth_blockNumber
[2022/03/20 13:08:17.601] - eth_blockNumber
[2022/03/20 13:08:33.929] - eth_blockNumber
[2022/03/20 13:08:37.625] - eth_blockNumber
[2022/03/20 13:08:53.937] - eth_blockNumber
[2022/03/20 13:08:57.629] - eth_blockNumber
[2022/03/20 13:08:58.752] - eth_chainId
[2022/03/20 13:08:58.791] - eth_chainId
[2022/03/20 13:08:58.965] - eth_chainId
[2022/03/20 13:08:59.188] - eth_chainId
[2022/03/20 13:09:13.943] - eth_blockNumber
[2022/03/20 13:09:17.633] - eth_blockNumber
[2022/03/20 13:09:33.949] - eth_blockNumber
[2022/03/20 13:09:37.637] - eth_blockNumber
[2022/03/20 13:09:53.954] - eth_blockNumber
[2022/03/20 13:09:56.912] - eth_chainId
[2022/03/20 13:09:56.918] - eth_chainId
[2022/03/20 13:09:57.644] - eth_blockNumber
[2022/03/20 13:10:05.069] - eth_chainId
[2022/03/20 13:10:12.222] - eth_chainId
[2022/03/20 13:10:12.227] - eth_chainId
[2022/03/20 13:10:13.960] - eth_blockNumber
[2022/03/20 13:10:16.766] - eth_chainId
[2022/03/20 13:10:16.787] - eth_chainId
[2022/03/20 13:10:17.655] - eth_blockNumber
[2022/03/20 13:10:33.968] - eth_blockNumber
[2022/03/20 13:10:37.663] - eth_blockNumber
[2022/03/20 13:10:53.973] - eth_blockNumber
[2022/03/20 13:10:57.670] - eth_blockNumber
[2022/03/20 13:11:13.977] - eth_blockNumber
[2022/03/20 13:11:17.681] - eth_blockNumber
[2022/03/20 13:11:33.983] - eth_blockNumber
[2022/03/20 13:11:37.690] - eth_blockNumber
[2022/03/20 13:11:40.922] - eth_getBalance
[2022/03/20 13:11:53.989] - eth_blockNumber
[2022/03/20 13:11:57.698] - eth_blockNumber
[2022/03/20 13:12:13.993] - eth_blockNumber
[2022/03/20 13:12:17.707] - eth_blockNumber
[2022/03/20 13:12:34.001] - eth_blockNumber
[2022/03/20 13:12:37.715] - eth_blockNumber
[2022/03/20 13:12:54.010] - eth_blockNumber
[2022/03/20 13:12:57.719] - eth_blockNumber
[2022/03/20 13:13:14.018] - eth_blockNumber
[2022/03/20 13:13:17.728] - eth_blockNumber
[2022/03/20 13:13:34.027] - eth_blockNumber
[2022/03/20 13:13:37.739] - eth_blockNumber
[2022/03/20 13:13:54.032] - eth_blockNumber
[2022/03/20 13:13:57.746] - eth_blockNumber
[2022/03/20 13:14:14.090] - eth_blockNumber
[2022/03/20 13:14:17.752] - eth_blockNumber
[2022/03/20 13:14:37.878] - eth_blockNumber
[2022/03/20 13:14:37.926] - eth_blockNumber
[2022/03/20 13:14:58.438] - eth_blockNumber
[2022/03/20 13:14:59.864] - eth_blockNumber
[2022/03/20 13:15:18.449] - eth_blockNumber
[2022/03/20 13:15:19.870] - eth_blockNumber
[2022/03/20 13:15:38.458] - eth_blockNumber
[2022/03/20 13:15:39.876] - eth_blockNumber
[2022/03/20 13:15:58.462] - eth_blockNumber
[2022/03/20 13:15:59.884] - eth_blockNumber
[2022/03/20 13:16:18.470] - eth_blockNumber
[2022/03/20 13:16:19.892] - eth_blockNumber
[2022/03/20 13:16:38.480] - eth_blockNumber
[2022/03/20 13:16:39.900] - eth_blockNumber
[2022/03/20 13:16:58.489] - eth_blockNumber
[2022/03/20 13:16:59.921] - eth_blockNumber
[2022/03/20 13:17:18.497] - eth_blockNumber
[2022/03/20 13:17:19.929] - eth_blockNumber
[2022/03/20 13:17:38.506] - eth_blockNumber
[2022/03/20 13:17:39.940] - eth_blockNumber
[2022/03/20 13:17:58.517] - eth_blockNumber
[2022/03/20 13:17:59.947] - eth_blockNumber
[2022/03/20 13:18:07.654] - web3_clientVersion
[2022/03/20 13:18:07.658] - web3_clientVersion
[2022/03/20 13:18:07.661] - eth_chainId
[2022/03/20 13:18:07.662] - eth_accounts
[2022/03/20 13:18:07.692] - eth_blockNumber
[2022/03/20 13:18:07.693] - eth_chainId
[2022/03/20 13:18:07.697] - eth_chainId
[2022/03/20 13:18:07.702] - eth_estimateGas
[2022/03/20 13:18:07.952] - eth_getBlockByNumber
[2022/03/20 13:18:07.956] - eth_getBlockByNumber
[2022/03/20 13:18:07.959] - eth_gasPrice
[2022/03/20 13:18:07.962] - eth_sendTransaction
[2022/03/20 13:18:08.046] - 
[2022/03/20 13:18:08.046] -   Transaction: 0x0a97c018f89cbb71c3a673489513aaac17dc06a5189457219b333655cf1b3d78
[2022/03/20 13:18:08.046] -   Contract created: 0x1993d585227c83e352cd162b944662f594a7eb33
[2022/03/20 13:18:08.046] -   Gas usage: 493826
[2022/03/20 13:18:08.046] -   Block Number: 80
[2022/03/20 13:18:08.053] -   Block Time: Sun Mar 20 2022 13:18:07 GMT-0300 (Argentina Standard Time)
[2022/03/20 13:18:08.053] - 
[2022/03/20 13:18:08.054] - eth_chainId
[2022/03/20 13:18:08.057] - eth_getTransactionByHash
[2022/03/20 13:18:08.063] - eth_getBalance
[2022/03/20 13:18:08.064] - eth_getTransactionCount
[2022/03/20 13:18:08.064] - eth_chainId
[2022/03/20 13:18:08.065] - eth_getBalance
[2022/03/20 13:18:08.066] - eth_getTransactionCount
[2022/03/20 13:18:08.068] - eth_getBalance
[2022/03/20 13:18:08.069] - eth_getTransactionCount
[2022/03/20 13:18:08.070] - eth_getTransactionReceipt
[2022/03/20 13:18:08.072] - eth_getBalance
[2022/03/20 13:18:08.072] - eth_getTransactionCount
[2022/03/20 13:18:08.073] - eth_getBalance
[2022/03/20 13:18:08.074] - eth_getTransactionCount
[2022/03/20 13:18:08.100] - eth_getBlockByNumber
[2022/03/20 13:18:18.526] - eth_blockNumber
[2022/03/20 13:18:18.534] - eth_getBlockByNumber
[2022/03/20 13:18:18.540] - eth_getBalance
[2022/03/20 13:18:18.541] - eth_getBalance
[2022/03/20 13:18:18.543] - eth_getBalance
[2022/03/20 13:18:18.544] - eth_getBalance
[2022/03/20 13:18:19.951] - eth_blockNumber
[2022/03/20 13:18:20.971] - eth_blockNumber
[2022/03/20 13:18:38.538] - eth_blockNumber
[2022/03/20 13:18:39.958] - eth_blockNumber
[2022/03/20 13:18:58.546] - eth_blockNumber
[2022/03/20 13:18:59.965] - eth_blockNumber
[2022/03/20 13:19:18.550] - eth_blockNumber
[2022/03/20 13:19:19.970] - eth_blockNumber
[2022/03/20 13:19:26.382] - eth_getBlockByNumber
[2022/03/20 13:19:26.419] - eth_getTransactionReceipt
[2022/03/20 13:19:26.429] - eth_getBlockByNumber
[2022/03/20 13:19:26.442] - eth_getTransactionReceipt
[2022/03/20 13:19:26.452] - eth_getBlockByNumber
[2022/03/20 13:19:26.464] - eth_getTransactionReceipt
[2022/03/20 13:19:26.474] - eth_getBlockByNumber
[2022/03/20 13:19:26.481] - eth_getTransactionReceipt
[2022/03/20 13:19:26.492] - eth_getBlockByNumber
[2022/03/20 13:19:26.500] - eth_getTransactionReceipt
[2022/03/20 13:19:26.511] - eth_getBlockByNumber
[2022/03/20 13:19:26.519] - eth_getTransactionReceipt
[2022/03/20 13:19:26.528] - eth_getBlockByNumber
[2022/03/20 13:19:26.537] - eth_getTransactionReceipt
[2022/03/20 13:19:26.546] - eth_getBlockByNumber
[2022/03/20 13:19:26.565] - eth_getTransactionReceipt
[2022/03/20 13:19:26.583] - eth_getBlockByNumber
[2022/03/20 13:19:26.590] - eth_getTransactionReceipt
[2022/03/20 13:19:26.599] - eth_getBlockByNumber
[2022/03/20 13:19:26.608] - eth_getTransactionReceipt
[2022/03/20 13:19:26.621] - eth_getBlockByNumber
[2022/03/20 13:19:26.628] - eth_getTransactionReceipt
[2022/03/20 13:19:31.871] - eth_getBlockByHash
[2022/03/20 13:19:31.886] - eth_getTransactionByHash
[2022/03/20 13:19:38.554] - eth_blockNumber
[2022/03/20 13:19:39.977] - eth_blockNumber
[2022/03/20 13:19:45.786] - eth_getTransactionByHash
[2022/03/20 13:19:58.558] - eth_blockNumber
[2022/03/20 13:19:59.987] - eth_blockNumber
[2022/03/20 13:20:18.566] - eth_blockNumber
[2022/03/20 13:20:19.995] - eth_blockNumber
[2022/03/20 13:20:38.575] - eth_blockNumber
[2022/03/20 13:20:40.005] - eth_blockNumber
[2022/03/20 13:20:58.583] - eth_blockNumber
[2022/03/20 13:21:00.012] - eth_blockNumber
[2022/03/20 13:21:18.594] - eth_blockNumber
[2022/03/20 13:21:20.019] - eth_blockNumber
[2022/03/20 13:21:38.605] - eth_blockNumber
[2022/03/20 13:21:40.029] - eth_blockNumber
[2022/03/20 13:21:58.616] - eth_blockNumber
[2022/03/20 13:22:00.038] - eth_blockNumber
[2022/03/20 13:22:18.626] - eth_blockNumber
[2022/03/20 13:22:20.046] - eth_blockNumber
[2022/03/20 13:22:38.637] - eth_blockNumber
[2022/03/20 13:22:40.053] - eth_blockNumber
[2022/03/20 13:22:58.648] - eth_blockNumber
[2022/03/20 13:23:00.063] - eth_blockNumber
[2022/03/20 13:23:18.658] - eth_blockNumber
[2022/03/20 13:23:20.073] - eth_blockNumber
[2022/03/20 13:23:38.666] - eth_blockNumber
[2022/03/20 13:23:40.083] - eth_blockNumber
[2022/03/20 13:23:58.674] - eth_blockNumber
[2022/03/20 13:24:00.093] - eth_blockNumber
[2022/03/20 13:24:18.685] - eth_blockNumber
[2022/03/20 13:24:20.103] - eth_blockNumber
[2022/03/20 13:24:38.696] - eth_blockNumber
[2022/03/20 13:24:40.113] - eth_blockNumber
[2022/03/20 13:24:58.706] - eth_blockNumber
[2022/03/20 13:25:00.121] - eth_blockNumber
[2022/03/20 13:25:18.714] - eth_blockNumber
[2022/03/20 13:25:20.125] - eth_blockNumber
[2022/03/20 13:25:38.725] - eth_blockNumber
[2022/03/20 13:25:40.133] - eth_blockNumber
[2022/03/20 13:25:58.733] - eth_blockNumber
[2022/03/20 13:26:00.144] - eth_blockNumber
[2022/03/20 13:26:18.738] - eth_blockNumber
[2022/03/20 13:26:20.152] - eth_blockNumber
[2022/03/20 13:26:38.744] - eth_blockNumber
[2022/03/20 13:26:40.156] - eth_blockNumber
[2022/03/20 13:26:51.272] - web3_clientVersion
[2022/03/20 13:26:51.280] - eth_chainId
[2022/03/20 13:26:51.280] - web3_clientVersion
[2022/03/20 13:26:51.283] - eth_accounts
[2022/03/20 13:26:51.309] - eth_blockNumber
[2022/03/20 13:26:51.311] - eth_chainId
[2022/03/20 13:26:51.315] - eth_chainId
[2022/03/20 13:26:51.318] - eth_estimateGas
[2022/03/20 13:26:51.383] - eth_getBlockByNumber
[2022/03/20 13:26:51.387] - eth_getBlockByNumber
[2022/03/20 13:26:51.390] - eth_gasPrice
[2022/03/20 13:26:51.393] - eth_sendTransaction
[2022/03/20 13:26:51.427] - 
[2022/03/20 13:26:51.427] -   Transaction: 0xa562c7864a271760ab57adbeacaed0752606ae573373b97c10a60e302073cf18
[2022/03/20 13:26:51.427] -   Contract created: 0x0b277516484b77d188e844353c859ab488e39eb3
[2022/03/20 13:26:51.427] -   Gas usage: 493826
[2022/03/20 13:26:51.427] -   Block Number: 81
[2022/03/20 13:26:51.427] -   Block Time: Sun Mar 20 2022 13:26:51 GMT-0300 (Argentina Standard Time)
[2022/03/20 13:26:51.427] - 
[2022/03/20 13:26:51.428] - eth_chainId
[2022/03/20 13:26:51.429] - eth_getTransactionByHash
[2022/03/20 13:26:51.430] - eth_getBlockByNumber
[2022/03/20 13:26:51.433] - eth_getBalance
[2022/03/20 13:26:51.435] - eth_getTransactionCount
[2022/03/20 13:26:51.438] - eth_getBalance
[2022/03/20 13:26:51.438] - eth_chainId
[2022/03/20 13:26:51.439] - eth_getTransactionCount
[2022/03/20 13:26:51.440] - eth_getBalance
[2022/03/20 13:26:51.441] - eth_getTransactionCount
[2022/03/20 13:26:51.442] - eth_getBalance
[2022/03/20 13:26:51.444] - eth_getTransactionCount
[2022/03/20 13:26:51.445] - eth_getTransactionReceipt
[2022/03/20 13:26:51.446] - eth_getBlockByNumber
[2022/03/20 13:26:51.446] - eth_getBalance
[2022/03/20 13:26:51.448] - eth_getTransactionCount
[2022/03/20 13:26:51.520] - eth_getTransactionReceipt
[2022/03/20 13:26:58.749] - eth_blockNumber
[2022/03/20 13:26:58.753] - eth_getBlockByNumber
[2022/03/20 13:26:58.758] - eth_getBalance
[2022/03/20 13:26:58.760] - eth_getBalance
[2022/03/20 13:26:58.761] - eth_getBalance
[2022/03/20 13:26:58.761] - eth_getBalance
[2022/03/20 13:27:00.160] - eth_blockNumber
[2022/03/20 13:27:01.971] - eth_blockNumber
[2022/03/20 13:27:03.341] - eth_getBlockByNumber
[2022/03/20 13:27:03.347] - eth_getBlockTransactionCountByHash
[2022/03/20 13:27:03.355] - eth_getBlockByNumber
[2022/03/20 13:27:03.360] - eth_getBlockTransactionCountByHash
[2022/03/20 13:27:03.369] - eth_getBlockByNumber
[2022/03/20 13:27:03.374] - eth_getBlockTransactionCountByHash
[2022/03/20 13:27:03.379] - eth_getBlockByNumber
[2022/03/20 13:27:03.386] - eth_getBlockTransactionCountByHash
[2022/03/20 13:27:03.390] - eth_getBlockByNumber
[2022/03/20 13:27:03.395] - eth_getBlockTransactionCountByHash
[2022/03/20 13:27:03.402] - eth_getBlockByNumber
[2022/03/20 13:27:03.407] - eth_getBlockTransactionCountByHash
[2022/03/20 13:27:03.410] - eth_getBlockByNumber
[2022/03/20 13:27:03.417] - eth_getBlockTransactionCountByHash
[2022/03/20 13:27:03.422] - eth_getBlockByNumber
[2022/03/20 13:27:03.426] - eth_getBlockTransactionCountByHash
[2022/03/20 13:27:03.431] - eth_getBlockByNumber
[2022/03/20 13:27:03.436] - eth_getBlockTransactionCountByHash
[2022/03/20 13:27:03.441] - eth_getBlockByNumber
[2022/03/20 13:27:03.446] - eth_getBlockTransactionCountByHash
[2022/03/20 13:27:03.453] - eth_getBlockByNumber
[2022/03/20 13:27:03.457] - eth_getBlockTransactionCountByHash
[2022/03/20 13:27:03.461] - eth_getBlockByNumber
[2022/03/20 13:27:03.467] - eth_getBlockTransactionCountByHash
[2022/03/20 13:27:03.472] - eth_getBlockByNumber
[2022/03/20 13:27:03.478] - eth_getBlockTransactionCountByHash
[2022/03/20 13:27:03.484] - eth_getBlockByNumber
[2022/03/20 13:27:03.489] - eth_getBlockTransactionCountByHash
[2022/03/20 13:27:03.494] - eth_getBlockByNumber
[2022/03/20 13:27:03.500] - eth_getBlockTransactionCountByHash
[2022/03/20 13:27:03.505] - eth_getBlockByNumber
[2022/03/20 13:27:03.511] - eth_getBlockTransactionCountByHash
[2022/03/20 13:27:03.799] - eth_getTransactionReceipt
[2022/03/20 13:27:03.810] - eth_getTransactionReceipt
[2022/03/20 13:27:03.821] - eth_getTransactionReceipt
[2022/03/20 13:27:03.828] - eth_getTransactionReceipt
[2022/03/20 13:27:03.835] - eth_getTransactionReceipt
[2022/03/20 13:27:03.842] - eth_getTransactionReceipt
[2022/03/20 13:27:03.851] - eth_getTransactionReceipt
[2022/03/20 13:27:03.861] - eth_getTransactionReceipt
[2022/03/20 13:27:03.869] - eth_getTransactionReceipt
[2022/03/20 13:27:03.877] - eth_getTransactionReceipt
[2022/03/20 13:27:18.754] - eth_blockNumber
[2022/03/20 13:27:20.164] - eth_blockNumber
[2022/03/20 13:27:38.763] - eth_blockNumber
[2022/03/20 13:27:40.171] - eth_blockNumber
[2022/03/20 13:27:58.770] - eth_blockNumber
[2022/03/20 13:28:00.180] - eth_blockNumber
[2022/03/20 13:28:18.775] - eth_blockNumber
[2022/03/20 13:28:20.183] - eth_blockNumber
[2022/03/20 13:28:38.781] - eth_blockNumber
[2022/03/20 13:28:40.187] - eth_blockNumber
[2022/03/20 13:28:58.787] - eth_blockNumber
[2022/03/20 13:29:00.191] - eth_blockNumber
[2022/03/20 13:29:18.792] - eth_blockNumber
[2022/03/20 13:29:20.197] - eth_blockNumber
[2022/03/20 13:29:38.797] - eth_blockNumber
[2022/03/20 13:29:40.202] - eth_blockNumber
[2022/03/20 13:29:58.802] - eth_blockNumber
[2022/03/20 13:30:00.207] - eth_blockNumber
[2022/03/20 13:30:18.806] - eth_blockNumber
[2022/03/20 13:30:20.211] - eth_blockNumber
[2022/03/20 13:30:38.810] - eth_blockNumber
[2022/03/20 13:30:40.216] - eth_blockNumber
[2022/03/20 13:30:58.814] - eth_blockNumber
[2022/03/20 13:31:00.220] - eth_blockNumber
[2022/03/20 13:31:18.819] - eth_blockNumber
[2022/03/20 13:31:20.224] - eth_blockNumber
[2022/03/20 13:31:38.824] - eth_blockNumber
[2022/03/20 13:31:40.229] - eth_blockNumber
[2022/03/20 13:31:58.833] - eth_blockNumber
[2022/03/20 13:32:00.234] - eth_blockNumber
[2022/03/20 13:32:18.840] - eth_blockNumber
[2022/03/20 13:32:20.239] - eth_blockNumber
[2022/03/20 13:32:33.210] - web3_clientVersion
[2022/03/20 13:32:33.216] - eth_chainId
[2022/03/20 13:32:33.216] - web3_clientVersion
[2022/03/20 13:32:33.219] - eth_accounts
[2022/03/20 13:32:33.242] - eth_blockNumber
[2022/03/20 13:32:33.243] - eth_chainId
[2022/03/20 13:32:33.247] - eth_chainId
[2022/03/20 13:32:33.250] - eth_estimateGas
[2022/03/20 13:32:33.288] - eth_getBlockByNumber
[2022/03/20 13:32:33.291] - eth_getBlockByNumber
[2022/03/20 13:32:33.293] - eth_gasPrice
[2022/03/20 13:32:33.295] - eth_sendTransaction
[2022/03/20 13:32:33.323] - 
[2022/03/20 13:32:33.323] -   Transaction: 0xbf3e4e7de39c7b832f71016911a92b352f37ce40e4c103d140b9f815ce6b9434
[2022/03/20 13:32:33.323] -   Contract created: 0xa03419dd654d77f0d8fbd18465009a360891f668
[2022/03/20 13:32:33.323] -   Gas usage: 493826
[2022/03/20 13:32:33.323] -   Block Number: 82
[2022/03/20 13:32:33.323] -   Block Time: Sun Mar 20 2022 13:32:33 GMT-0300 (Argentina Standard Time)
[2022/03/20 13:32:33.323] - 
[2022/03/20 13:32:33.323] - eth_getBlockByNumber
[2022/03/20 13:32:33.324] - eth_chainId
[2022/03/20 13:32:33.325] - eth_getBlockByNumber
[2022/03/20 13:32:33.326] - eth_getTransactionByHash
[2022/03/20 13:32:33.330] - eth_getBalance
[2022/03/20 13:32:33.330] - eth_getTransactionCount
[2022/03/20 13:32:33.330] - eth_getBalance
[2022/03/20 13:32:33.331] - eth_getTransactionCount
[2022/03/20 13:32:33.332] - eth_getBalance
[2022/03/20 13:32:33.333] - eth_getTransactionCount
[2022/03/20 13:32:33.335] - eth_getBalance
[2022/03/20 13:32:33.335] - eth_chainId
[2022/03/20 13:32:33.335] - eth_getTransactionCount
[2022/03/20 13:32:33.335] - eth_getBalance
[2022/03/20 13:32:33.336] - eth_getTransactionCount
[2022/03/20 13:32:33.340] - eth_getBlockTransactionCountByHash
[2022/03/20 13:32:33.347] - eth_getTransactionReceipt
[2022/03/20 13:32:38.845] - eth_blockNumber
[2022/03/20 13:32:38.850] - eth_getBlockByNumber
[2022/03/20 13:32:38.855] - eth_getBalance
[2022/03/20 13:32:38.856] - eth_getBalance
[2022/03/20 13:32:38.856] - eth_getBalance
[2022/03/20 13:32:38.856] - eth_getBalance
[2022/03/20 13:32:40.244] - eth_blockNumber
[2022/03/20 13:32:43.969] - eth_blockNumber
[2022/03/20 13:32:58.851] - eth_blockNumber
[2022/03/20 13:33:00.250] - eth_blockNumber
[2022/03/20 13:33:18.858] - eth_blockNumber
[2022/03/20 13:33:20.260] - eth_blockNumber
[2022/03/20 13:33:38.866] - eth_blockNumber
[2022/03/20 13:33:40.267] - eth_blockNumber
[2022/03/20 13:33:58.871] - eth_blockNumber
[2022/03/20 13:34:00.271] - eth_blockNumber
[2022/03/20 13:34:18.875] - eth_blockNumber
[2022/03/20 13:34:20.275] - eth_blockNumber
[2022/03/20 13:34:38.879] - eth_blockNumber
[2022/03/20 13:34:40.282] - eth_blockNumber
[2022/03/20 13:34:58.883] - eth_blockNumber
[2022/03/20 13:35:00.291] - eth_blockNumber
[2022/03/20 13:35:18.887] - eth_blockNumber
[2022/03/20 13:35:20.300] - eth_blockNumber
[2022/03/20 13:35:38.891] - eth_blockNumber
[2022/03/20 13:35:40.307] - eth_blockNumber
[2022/03/20 13:35:58.898] - eth_blockNumber
[2022/03/20 13:36:00.312] - eth_blockNumber
[2022/03/20 13:36:18.903] - eth_blockNumber
[2022/03/20 13:36:20.317] - eth_blockNumber
[2022/03/20 13:36:38.909] - eth_blockNumber
[2022/03/20 13:36:40.321] - eth_blockNumber
[2022/03/20 13:36:58.913] - eth_blockNumber
[2022/03/20 13:37:00.326] - eth_blockNumber
[2022/03/20 13:37:18.924] - eth_blockNumber
[2022/03/20 13:37:20.332] - eth_blockNumber
[2022/03/20 13:37:38.933] - eth_blockNumber
[2022/03/20 13:37:40.335] - eth_blockNumber
[2022/03/20 13:37:58.939] - eth_blockNumber
[2022/03/20 13:38:00.339] - eth_blockNumber
[2022/03/20 13:38:18.944] - eth_blockNumber
[2022/03/20 13:38:20.346] - eth_blockNumber
[2022/03/20 13:38:38.949] - eth_blockNumber
[2022/03/20 13:38:40.353] - eth_blockNumber
[2022/03/20 13:38:58.954] - eth_blockNumber
[2022/03/20 13:39:00.357] - eth_blockNumber
[2022/03/20 13:39:18.958] - eth_blockNumber
[2022/03/20 13:39:20.361] - eth_blockNumber
[2022/03/20 13:39:38.962] - eth_blockNumber
[2022/03/20 13:39:40.365] - eth_blockNumber
[2022/03/20 13:39:58.968] - eth_blockNumber
[2022/03/20 13:40:00.370] - eth_blockNumber
[2022/03/20 13:40:18.977] - eth_blockNumber
[2022/03/20 13:40:20.378] - eth_blockNumber
[2022/03/20 13:40:38.985] - eth_blockNumber
[2022/03/20 13:40:40.386] - eth_blockNumber
[2022/03/20 13:40:58.992] - eth_blockNumber
[2022/03/20 13:41:00.394] - eth_blockNumber
[2022/03/20 13:41:18.999] - eth_blockNumber
[2022/03/20 13:41:20.404] - eth_blockNumber
[2022/03/20 13:41:39.004] - eth_blockNumber
[2022/03/20 13:41:40.412] - eth_blockNumber
[2022/03/20 13:41:59.008] - eth_blockNumber
[2022/03/20 13:42:00.418] - eth_blockNumber
[2022/03/20 13:42:19.014] - eth_blockNumber
[2022/03/20 13:42:20.428] - eth_blockNumber
[2022/03/20 13:42:39.024] - eth_blockNumber
[2022/03/20 13:42:40.438] - eth_blockNumber
[2022/03/20 13:42:59.030] - eth_blockNumber
[2022/03/20 13:43:00.446] - eth_blockNumber
[2022/03/20 13:43:19.035] - eth_blockNumber
[2022/03/20 13:43:20.450] - eth_blockNumber
[2022/03/20 13:43:39.041] - eth_blockNumber
[2022/03/20 13:43:40.453] - eth_blockNumber
[2022/03/20 13:43:59.045] - eth_blockNumber
[2022/03/20 13:44:00.461] - eth_blockNumber
[2022/03/20 13:44:19.050] - eth_blockNumber
[2022/03/20 13:44:20.472] - eth_blockNumber
[2022/03/20 13:44:39.056] - eth_blockNumber
[2022/03/20 13:44:40.484] - eth_blockNumber
[2022/03/20 13:44:59.067] - eth_blockNumber
[2022/03/20 13:45:00.491] - eth_blockNumber
[2022/03/20 13:45:19.079] - eth_blockNumber
[2022/03/20 13:45:20.497] - eth_blockNumber
[2022/03/20 13:45:39.086] - eth_blockNumber
[2022/03/20 13:45:40.503] - eth_blockNumber
[2022/03/20 13:45:59.095] - eth_blockNumber
[2022/03/20 13:46:00.510] - eth_blockNumber
[2022/03/20 13:46:19.106] - eth_blockNumber
[2022/03/20 13:46:20.519] - eth_blockNumber
[2022/03/20 13:46:39.118] - eth_blockNumber
[2022/03/20 13:46:40.529] - eth_blockNumber
[2022/03/20 13:46:59.126] - eth_blockNumber
[2022/03/20 13:47:00.539] - eth_blockNumber
[2022/03/20 13:47:19.133] - eth_blockNumber
[2022/03/20 13:47:20.547] - eth_blockNumber
[2022/03/20 13:47:39.140] - eth_blockNumber
[2022/03/20 13:47:40.556] - eth_blockNumber
[2022/03/20 13:47:59.146] - eth_blockNumber
[2022/03/20 13:48:00.564] - eth_blockNumber
[2022/03/20 13:48:19.153] - eth_blockNumber
[2022/03/20 13:48:20.574] - eth_blockNumber
[2022/03/20 13:48:39.162] - eth_blockNumber
[2022/03/20 13:48:40.585] - eth_blockNumber
[2022/03/20 13:48:59.166] - eth_blockNumber
[2022/03/20 13:49:00.593] - eth_blockNumber
[2022/03/20 13:49:19.170] - eth_blockNumber
[2022/03/20 13:49:20.600] - eth_blockNumber
[2022/03/20 13:49:39.178] - eth_blockNumber
[2022/03/20 13:49:40.607] - eth_blockNumber
[2022/03/20 13:49:59.187] - eth_blockNumber
[2022/03/20 13:50:00.617] - eth_blockNumber
[2022/03/20 13:50:19.191] - eth_blockNumber
[2022/03/20 13:50:20.624] - eth_blockNumber
[2022/03/20 13:50:39.199] - eth_blockNumber
[2022/03/20 13:50:40.631] - eth_blockNumber
[2022/03/20 13:50:59.209] - eth_blockNumber
[2022/03/20 13:51:00.642] - eth_blockNumber
[2022/03/20 13:51:19.217] - eth_blockNumber
[2022/03/20 13:51:20.649] - eth_blockNumber
[2022/03/20 13:51:39.224] - eth_blockNumber
[2022/03/20 13:51:40.658] - eth_blockNumber
[2022/03/20 13:51:59.232] - eth_blockNumber
[2022/03/20 13:52:00.668] - eth_blockNumber
[2022/03/20 13:52:19.239] - eth_blockNumber
[2022/03/20 13:52:20.676] - eth_blockNumber
[2022/03/20 13:52:39.245] - eth_blockNumber
[2022/03/20 13:52:40.684] - eth_blockNumber
[2022/03/20 13:52:59.250] - eth_blockNumber
[2022/03/20 13:53:00.691] - eth_blockNumber
[2022/03/20 13:53:19.254] - eth_blockNumber
[2022/03/20 13:53:20.696] - eth_blockNumber
[2022/03/20 13:53:39.259] - eth_blockNumber
[2022/03/20 13:53:40.701] - eth_blockNumber
[2022/03/20 13:53:59.267] - eth_blockNumber
[2022/03/20 13:54:00.709] - eth_blockNumber
[2022/03/20 13:54:19.274] - eth_blockNumber
[2022/03/20 13:54:20.717] - eth_blockNumber
[2022/03/20 13:54:39.279] - eth_blockNumber
[2022/03/20 13:54:40.724] - eth_blockNumber
[2022/03/20 13:54:59.283] - eth_blockNumber
[2022/03/20 13:55:00.730] - eth_blockNumber
[2022/03/20 13:55:19.292] - eth_blockNumber
[2022/03/20 13:55:20.740] - eth_blockNumber
[2022/03/20 13:55:39.300] - eth_blockNumber
[2022/03/20 13:55:40.745] - eth_blockNumber
[2022/03/20 13:55:59.306] - eth_blockNumber
[2022/03/20 13:56:00.753] - eth_blockNumber
[2022/03/20 13:56:19.313] - eth_blockNumber
[2022/03/20 13:56:20.760] - eth_blockNumber
[2022/03/20 13:56:39.325] - eth_blockNumber
[2022/03/20 13:56:40.767] - eth_blockNumber
[2022/03/20 13:56:59.336] - eth_blockNumber
[2022/03/20 13:57:00.778] - eth_blockNumber
[2022/03/20 13:57:19.348] - eth_blockNumber
[2022/03/20 13:57:20.788] - eth_blockNumber
[2022/03/20 13:57:39.360] - eth_blockNumber
[2022/03/20 13:57:40.793] - eth_blockNumber
[2022/03/20 13:57:59.371] - eth_blockNumber
[2022/03/20 13:58:00.798] - eth_blockNumber
[2022/03/20 13:58:19.379] - eth_blockNumber
[2022/03/20 13:58:20.806] - eth_blockNumber
[2022/03/20 13:58:39.388] - eth_blockNumber
[2022/03/20 13:58:40.816] - eth_blockNumber
[2022/03/20 13:58:59.398] - eth_blockNumber
[2022/03/20 13:59:00.823] - eth_blockNumber
[2022/03/20 13:59:19.408] - eth_blockNumber
[2022/03/20 13:59:20.830] - eth_blockNumber
[2022/03/20 13:59:39.419] - eth_blockNumber
[2022/03/20 13:59:40.839] - eth_blockNumber
[2022/03/20 13:59:59.430] - eth_blockNumber
[2022/03/20 14:00:00.853] - eth_blockNumber
[2022/03/20 14:00:19.440] - eth_blockNumber
[2022/03/20 14:00:20.860] - eth_blockNumber
[2022/03/20 14:00:39.451] - eth_blockNumber
[2022/03/20 14:00:40.867] - eth_blockNumber
[2022/03/20 14:00:59.465] - eth_blockNumber
[2022/03/20 14:01:00.874] - eth_blockNumber
[2022/03/20 14:01:19.476] - eth_blockNumber
[2022/03/20 14:01:20.881] - eth_blockNumber
[2022/03/20 14:01:39.483] - eth_blockNumber
[2022/03/20 14:01:40.890] - eth_blockNumber
[2022/03/20 14:01:59.490] - eth_blockNumber
[2022/03/20 14:02:00.899] - eth_blockNumber
[2022/03/20 14:02:19.507] - eth_blockNumber
[2022/03/20 14:02:20.910] - eth_blockNumber
[2022/03/20 14:02:39.515] - eth_blockNumber
[2022/03/20 14:02:40.920] - eth_blockNumber
[2022/03/20 14:02:59.521] - eth_blockNumber
[2022/03/20 14:03:00.929] - eth_blockNumber
[2022/03/20 14:03:19.529] - eth_blockNumber
[2022/03/20 14:03:20.939] - eth_blockNumber
[2022/03/20 14:03:39.537] - eth_blockNumber
[2022/03/20 14:03:40.948] - eth_blockNumber
[2022/03/20 14:03:59.545] - eth_blockNumber
[2022/03/20 14:04:00.953] - eth_blockNumber
[2022/03/20 14:04:15.922] - eth_getBlockByNumber
[2022/03/20 14:04:15.948] - eth_getTransactionReceipt
[2022/03/20 14:04:15.955] - eth_getTransactionReceipt
[2022/03/20 14:04:15.963] - eth_getTransactionReceipt
[2022/03/20 14:04:15.969] - eth_getTransactionReceipt
[2022/03/20 14:04:15.978] - eth_getTransactionReceipt
[2022/03/20 14:04:15.984] - eth_getTransactionReceipt
[2022/03/20 14:04:15.993] - eth_getTransactionReceipt
[2022/03/20 14:04:15.999] - eth_getTransactionReceipt
[2022/03/20 14:04:16.008] - eth_getTransactionReceipt
[2022/03/20 14:04:16.015] - eth_getTransactionReceipt
[2022/03/20 14:04:16.022] - eth_getTransactionReceipt
[2022/03/20 14:04:19.552] - eth_blockNumber
[2022/03/20 14:04:20.959] - eth_blockNumber
[2022/03/20 14:04:39.558] - eth_blockNumber
[2022/03/20 14:04:40.967] - eth_blockNumber
[2022/03/20 14:04:59.562] - eth_blockNumber
[2022/03/20 14:05:00.972] - eth_blockNumber
[2022/03/20 14:05:19.568] - eth_blockNumber
[2022/03/20 14:05:20.977] - eth_blockNumber
[2022/03/20 14:05:25.628] - eth_getLogs
[2022/03/20 14:05:39.572] - eth_blockNumber
[2022/03/20 14:05:40.981] - eth_blockNumber
[2022/03/20 14:05:59.576] - eth_blockNumber
[2022/03/20 14:06:00.985] - eth_blockNumber
[2022/03/20 14:06:19.583] - eth_blockNumber
[2022/03/20 14:06:20.992] - eth_blockNumber
[2022/03/20 14:06:39.594] - eth_blockNumber
[2022/03/20 14:06:41.002] - eth_blockNumber
[2022/03/20 14:06:59.604] - eth_blockNumber
[2022/03/20 14:07:01.010] - eth_blockNumber
[2022/03/20 14:07:19.615] - eth_blockNumber
[2022/03/20 14:07:21.018] - eth_blockNumber
[2022/03/20 14:07:39.627] - eth_blockNumber
[2022/03/20 14:07:41.028] - eth_blockNumber
[2022/03/20 14:07:59.638] - eth_blockNumber
[2022/03/20 14:08:01.038] - eth_blockNumber
[2022/03/20 14:08:19.646] - eth_blockNumber
[2022/03/20 14:08:21.046] - eth_blockNumber
[2022/03/20 14:08:39.654] - eth_blockNumber
[2022/03/20 14:08:41.053] - eth_blockNumber
[2022/03/20 14:08:59.665] - eth_blockNumber
[2022/03/20 14:09:01.059] - eth_blockNumber
[2022/03/20 14:09:19.672] - eth_blockNumber
[2022/03/20 14:09:21.066] - eth_blockNumber
[2022/03/20 14:09:39.680] - eth_blockNumber
[2022/03/20 14:09:41.079] - eth_blockNumber
[2022/03/20 14:09:59.691] - eth_blockNumber
[2022/03/20 14:10:01.089] - eth_blockNumber
[2022/03/20 14:10:19.702] - eth_blockNumber
[2022/03/20 14:10:21.099] - eth_blockNumber
[2022/03/20 14:10:39.710] - eth_blockNumber
[2022/03/20 14:10:41.110] - eth_blockNumber
[2022/03/20 14:10:59.717] - eth_blockNumber
[2022/03/20 14:11:01.118] - eth_blockNumber
[2022/03/20 14:11:19.728] - eth_blockNumber
[2022/03/20 14:11:21.129] - eth_blockNumber
[2022/03/20 14:11:39.738] - eth_blockNumber
[2022/03/20 14:11:41.138] - eth_blockNumber
[2022/03/20 14:11:59.745] - eth_blockNumber
[2022/03/20 14:12:01.149] - eth_blockNumber
[2022/03/20 14:12:19.754] - eth_blockNumber
[2022/03/20 14:12:21.159] - eth_blockNumber
[2022/03/20 14:12:39.764] - eth_blockNumber
[2022/03/20 14:12:41.168] - eth_blockNumber
[2022/03/20 14:12:59.772] - eth_blockNumber
[2022/03/20 14:13:01.179] - eth_blockNumber
[2022/03/20 14:13:19.777] - eth_blockNumber
[2022/03/20 14:13:21.189] - eth_blockNumber
[2022/03/20 14:13:39.785] - eth_blockNumber
[2022/03/20 14:13:41.199] - eth_blockNumber
[2022/03/20 14:13:59.796] - eth_blockNumber
[2022/03/20 14:14:01.210] - eth_blockNumber
[2022/03/20 14:14:19.815] - eth_blockNumber
[2022/03/20 14:14:21.222] - eth_blockNumber
[2022/03/20 14:14:39.823] - eth_blockNumber
[2022/03/20 14:14:41.238] - eth_blockNumber
[2022/03/20 14:14:59.831] - eth_blockNumber
[2022/03/20 14:15:01.250] - eth_blockNumber
[2022/03/20 14:15:19.842] - eth_blockNumber
[2022/03/20 14:15:21.260] - eth_blockNumber
[2022/03/20 14:15:39.853] - eth_blockNumber
[2022/03/20 14:15:41.271] - eth_blockNumber
[2022/03/20 14:15:59.865] - eth_blockNumber
[2022/03/20 14:16:01.278] - eth_blockNumber
[2022/03/20 14:16:19.876] - eth_blockNumber
[2022/03/20 14:16:21.285] - eth_blockNumber
[2022/03/20 14:16:39.888] - eth_blockNumber
[2022/03/20 14:16:41.294] - eth_blockNumber
[2022/03/20 14:16:59.898] - eth_blockNumber
[2022/03/20 14:17:01.303] - eth_blockNumber
[2022/03/20 14:17:19.910] - eth_blockNumber
[2022/03/20 14:17:21.310] - eth_blockNumber
[2022/03/20 14:17:39.921] - eth_blockNumber
[2022/03/20 14:17:41.317] - eth_blockNumber
[2022/03/20 14:17:59.932] - eth_blockNumber
[2022/03/20 14:18:01.328] - eth_blockNumber
[2022/03/20 14:18:19.942] - eth_blockNumber
[2022/03/20 14:18:21.338] - eth_blockNumber
[2022/03/20 14:18:39.954] - eth_blockNumber
[2022/03/20 14:18:41.346] - eth_blockNumber
[2022/03/20 14:18:59.965] - eth_blockNumber
[2022/03/20 14:19:01.354] - eth_blockNumber
[2022/03/20 14:19:19.977] - eth_blockNumber
[2022/03/20 14:19:21.364] - eth_blockNumber
[2022/03/20 14:19:39.989] - eth_blockNumber
[2022/03/20 14:19:41.374] - eth_blockNumber
[2022/03/20 14:20:00.001] - eth_blockNumber
[2022/03/20 14:20:01.382] - eth_blockNumber
[2022/03/20 14:20:20.011] - eth_blockNumber
[2022/03/20 14:20:21.388] - eth_blockNumber
[2022/03/20 14:20:40.023] - eth_blockNumber
[2022/03/20 14:20:41.397] - eth_blockNumber
[2022/03/20 14:21:00.034] - eth_blockNumber
[2022/03/20 14:21:01.406] - eth_blockNumber
[2022/03/20 14:21:20.045] - eth_blockNumber
[2022/03/20 14:21:21.414] - eth_blockNumber
[2022/03/20 14:21:40.057] - eth_blockNumber
[2022/03/20 14:21:41.421] - eth_blockNumber
[2022/03/20 14:22:00.068] - eth_blockNumber
[2022/03/20 14:22:01.431] - eth_blockNumber
[2022/03/20 14:22:20.076] - eth_blockNumber
[2022/03/20 14:22:21.442] - eth_blockNumber
[2022/03/20 14:22:40.084] - eth_blockNumber
[2022/03/20 14:22:41.452] - eth_blockNumber
[2022/03/20 14:23:00.096] - eth_blockNumber
[2022/03/20 14:23:01.463] - eth_blockNumber
[2022/03/20 14:23:20.107] - eth_blockNumber
[2022/03/20 14:23:21.473] - eth_blockNumber
[2022/03/20 14:23:40.114] - eth_blockNumber
[2022/03/20 14:23:41.483] - eth_blockNumber
[2022/03/20 14:24:00.123] - eth_blockNumber
[2022/03/20 14:24:01.496] - eth_blockNumber
[2022/03/20 14:24:20.134] - eth_blockNumber
[2022/03/20 14:24:21.513] - eth_blockNumber
[2022/03/20 14:24:40.145] - eth_blockNumber
[2022/03/20 14:24:41.522] - eth_blockNumber
[2022/03/20 14:25:00.153] - eth_blockNumber
[2022/03/20 14:25:01.533] - eth_blockNumber
[2022/03/20 14:25:20.161] - eth_blockNumber
[2022/03/20 14:25:21.544] - eth_blockNumber
[2022/03/20 14:25:40.172] - eth_blockNumber
[2022/03/20 14:25:41.554] - eth_blockNumber
[2022/03/20 14:26:00.183] - eth_blockNumber
[2022/03/20 14:26:01.565] - eth_blockNumber
[2022/03/20 14:26:20.190] - eth_blockNumber
[2022/03/20 14:26:21.580] - eth_blockNumber
[2022/03/20 14:26:40.196] - eth_blockNumber
[2022/03/20 14:26:41.590] - eth_blockNumber
[2022/03/20 14:27:00.206] - eth_blockNumber
[2022/03/20 14:27:01.600] - eth_blockNumber
[2022/03/20 14:27:20.216] - eth_blockNumber
[2022/03/20 14:27:21.610] - eth_blockNumber
[2022/03/20 14:27:40.226] - eth_blockNumber
[2022/03/20 14:27:41.620] - eth_blockNumber
[2022/03/20 14:28:00.234] - eth_blockNumber
[2022/03/20 14:28:01.643] - eth_blockNumber
[2022/03/20 14:28:20.245] - eth_blockNumber
[2022/03/20 14:28:21.654] - eth_blockNumber
[2022/03/20 14:28:40.256] - eth_blockNumber
[2022/03/20 14:28:41.665] - eth_blockNumber
[2022/03/20 14:29:00.265] - eth_blockNumber
[2022/03/20 14:29:01.673] - eth_blockNumber
[2022/03/20 14:29:20.276] - eth_blockNumber
[2022/03/20 14:29:21.680] - eth_blockNumber
[2022/03/20 14:29:40.287] - eth_blockNumber
[2022/03/20 14:29:41.691] - eth_blockNumber
[2022/03/20 14:30:00.298] - eth_blockNumber
[2022/03/20 14:30:01.701] - eth_blockNumber
[2022/03/20 14:30:20.309] - eth_blockNumber
[2022/03/20 14:30:21.708] - eth_blockNumber
[2022/03/20 14:30:40.319] - eth_blockNumber
[2022/03/20 14:30:41.715] - eth_blockNumber
[2022/03/20 14:31:00.331] - eth_blockNumber
[2022/03/20 14:31:01.725] - eth_blockNumber
[2022/03/20 14:31:20.340] - eth_blockNumber
[2022/03/20 14:31:21.735] - eth_blockNumber
[2022/03/20 14:31:40.353] - eth_blockNumber
[2022/03/20 14:31:41.743] - eth_blockNumber
[2022/03/20 14:32:00.363] - eth_blockNumber
[2022/03/20 14:32:01.751] - eth_blockNumber
[2022/03/20 14:32:20.374] - eth_blockNumber
[2022/03/20 14:32:21.761] - eth_blockNumber
[2022/03/20 14:32:40.385] - eth_blockNumber
[2022/03/20 14:32:41.770] - eth_blockNumber
[2022/03/20 14:33:00.395] - eth_blockNumber
[2022/03/20 14:33:01.778] - eth_blockNumber
[2022/03/20 14:33:20.407] - eth_blockNumber
[2022/03/20 14:33:21.785] - eth_blockNumber
[2022/03/20 14:33:40.417] - eth_blockNumber
[2022/03/20 14:33:41.795] - eth_blockNumber
[2022/03/20 14:34:00.425] - eth_blockNumber
[2022/03/20 14:34:01.805] - eth_blockNumber
[2022/03/20 14:34:20.434] - eth_blockNumber
[2022/03/20 14:34:21.812] - eth_blockNumber
[2022/03/20 14:34:40.444] - eth_blockNumber
[2022/03/20 14:34:41.819] - eth_blockNumber
[2022/03/20 14:35:00.455] - eth_blockNumber
[2022/03/20 14:35:01.829] - eth_blockNumber
[2022/03/20 14:35:20.462] - eth_blockNumber
[2022/03/20 14:35:21.840] - eth_blockNumber
[2022/03/20 14:35:40.469] - eth_blockNumber
[2022/03/20 14:35:41.850] - eth_blockNumber
[2022/03/20 14:36:00.480] - eth_blockNumber
[2022/03/20 14:36:01.862] - eth_blockNumber
[2022/03/20 14:36:20.491] - eth_blockNumber
[2022/03/20 14:36:21.872] - eth_blockNumber
[2022/03/20 14:36:40.499] - eth_blockNumber
[2022/03/20 14:36:41.882] - eth_blockNumber
[2022/03/20 14:37:00.507] - eth_blockNumber
[2022/03/20 14:37:01.893] - eth_blockNumber
[2022/03/20 14:37:20.518] - eth_blockNumber
[2022/03/20 14:37:21.903] - eth_blockNumber
[2022/03/20 14:37:40.529] - eth_blockNumber
[2022/03/20 14:37:41.914] - eth_blockNumber
[2022/03/20 14:38:00.537] - eth_blockNumber
[2022/03/20 14:38:01.924] - eth_blockNumber
[2022/03/20 14:38:20.545] - eth_blockNumber
[2022/03/20 14:38:21.935] - eth_blockNumber
[2022/03/20 14:38:40.555] - eth_blockNumber
[2022/03/20 14:38:41.945] - eth_blockNumber
[2022/03/20 14:39:00.566] - eth_blockNumber
[2022/03/20 14:39:01.955] - eth_blockNumber
[2022/03/20 14:39:20.573] - eth_blockNumber
[2022/03/20 14:39:21.967] - eth_blockNumber
[2022/03/20 14:39:40.580] - eth_blockNumber
[2022/03/20 14:39:41.977] - eth_blockNumber
[2022/03/20 14:40:00.588] - eth_blockNumber
[2022/03/20 14:40:01.988] - eth_blockNumber
[2022/03/20 14:40:20.596] - eth_blockNumber
[2022/03/20 14:40:22.000] - eth_blockNumber
[2022/03/20 14:40:40.604] - eth_blockNumber
[2022/03/20 14:40:42.015] - eth_blockNumber
[2022/03/20 14:41:00.612] - eth_blockNumber
[2022/03/20 14:41:02.021] - eth_blockNumber
[2022/03/20 14:41:20.624] - eth_blockNumber
[2022/03/20 14:41:22.033] - eth_blockNumber
[2022/03/20 14:41:40.642] - eth_blockNumber
[2022/03/20 14:41:42.042] - eth_blockNumber
[2022/03/20 14:42:00.653] - eth_blockNumber
[2022/03/20 14:42:02.050] - eth_blockNumber
[2022/03/20 14:42:20.661] - eth_blockNumber
[2022/03/20 14:42:22.059] - eth_blockNumber
[2022/03/20 14:42:40.668] - eth_blockNumber
[2022/03/20 14:42:42.069] - eth_blockNumber
[2022/03/20 14:43:00.679] - eth_blockNumber
[2022/03/20 14:43:02.079] - eth_blockNumber
[2022/03/20 14:43:20.691] - eth_blockNumber
[2022/03/20 14:43:22.087] - eth_blockNumber
[2022/03/20 14:43:40.701] - eth_blockNumber
[2022/03/20 14:43:42.091] - eth_blockNumber
[2022/03/20 14:44:00.712] - eth_blockNumber
[2022/03/20 14:44:02.098] - eth_blockNumber
[2022/03/20 14:44:20.722] - eth_blockNumber
[2022/03/20 14:44:22.109] - eth_blockNumber
[2022/03/20 14:44:40.734] - eth_blockNumber
[2022/03/20 14:44:42.117] - eth_blockNumber
[2022/03/20 14:45:00.744] - eth_blockNumber
[2022/03/20 14:45:02.124] - eth_blockNumber
[2022/03/20 14:45:20.755] - eth_blockNumber
[2022/03/20 14:45:22.134] - eth_blockNumber
[2022/03/20 14:45:40.766] - eth_blockNumber
[2022/03/20 14:45:42.144] - eth_blockNumber
[2022/03/20 14:46:00.777] - eth_blockNumber
[2022/03/20 14:46:02.152] - eth_blockNumber
[2022/03/20 14:46:20.789] - eth_blockNumber
[2022/03/20 14:46:22.158] - eth_blockNumber
[2022/03/20 14:46:40.800] - eth_blockNumber
[2022/03/20 14:46:42.168] - eth_blockNumber
[2022/03/20 14:47:00.827] - eth_blockNumber
[2022/03/20 14:47:02.178] - eth_blockNumber
[2022/03/20 14:47:20.837] - eth_blockNumber
[2022/03/20 14:47:22.187] - eth_blockNumber
[2022/03/20 14:47:40.849] - eth_blockNumber
[2022/03/20 14:47:42.196] - eth_blockNumber
[2022/03/20 14:48:00.860] - eth_blockNumber
[2022/03/20 14:48:02.206] - eth_blockNumber
[2022/03/20 14:48:20.868] - eth_blockNumber
[2022/03/20 14:48:22.216] - eth_blockNumber
[2022/03/20 14:48:40.875] - eth_blockNumber
[2022/03/20 14:48:42.227] - eth_blockNumber
[2022/03/20 14:49:00.883] - eth_blockNumber
[2022/03/20 14:49:02.237] - eth_blockNumber
[2022/03/20 14:49:20.894] - eth_blockNumber
[2022/03/20 14:49:22.244] - eth_blockNumber
[2022/03/20 14:49:40.902] - eth_blockNumber
[2022/03/20 14:49:42.252] - eth_blockNumber
[2022/03/20 14:50:00.910] - eth_blockNumber
[2022/03/20 14:50:02.262] - eth_blockNumber
[2022/03/20 14:50:20.921] - eth_blockNumber
[2022/03/20 14:50:22.272] - eth_blockNumber
[2022/03/20 14:50:40.931] - eth_blockNumber
[2022/03/20 14:50:42.283] - eth_blockNumber
[2022/03/20 14:51:00.938] - eth_blockNumber
[2022/03/20 14:51:02.293] - eth_blockNumber
[2022/03/20 14:51:20.946] - eth_blockNumber
[2022/03/20 14:51:22.304] - eth_blockNumber
[2022/03/20 14:51:40.958] - eth_blockNumber
[2022/03/20 14:51:42.314] - eth_blockNumber
[2022/03/20 14:52:00.970] - eth_blockNumber
[2022/03/20 14:52:02.325] - eth_blockNumber
[2022/03/20 14:52:20.978] - eth_blockNumber
[2022/03/20 14:52:22.335] - eth_blockNumber
[2022/03/20 14:52:40.986] - eth_blockNumber
[2022/03/20 14:52:42.345] - eth_blockNumber
[2022/03/20 14:53:00.997] - eth_blockNumber
[2022/03/20 14:53:02.356] - eth_blockNumber
[2022/03/20 14:53:21.005] - eth_blockNumber
[2022/03/20 14:53:22.366] - eth_blockNumber
[2022/03/20 14:53:41.010] - eth_blockNumber
[2022/03/20 14:53:42.377] - eth_blockNumber
[2022/03/20 14:54:01.018] - eth_blockNumber
[2022/03/20 14:54:02.386] - eth_blockNumber
[2022/03/20 14:54:21.025] - eth_blockNumber
[2022/03/20 14:54:22.397] - eth_blockNumber
[2022/03/20 14:54:41.033] - eth_blockNumber
[2022/03/20 14:54:42.407] - eth_blockNumber
[2022/03/20 14:55:01.041] - eth_blockNumber
[2022/03/20 14:55:02.413] - eth_blockNumber
[2022/03/20 14:55:21.048] - eth_blockNumber
[2022/03/20 14:55:22.420] - eth_blockNumber
[2022/03/20 14:55:41.057] - eth_blockNumber
[2022/03/20 14:55:42.431] - eth_blockNumber
[2022/03/20 14:56:01.073] - eth_blockNumber
[2022/03/20 14:56:02.439] - eth_blockNumber
[2022/03/20 14:56:21.084] - eth_blockNumber
[2022/03/20 14:56:22.447] - eth_blockNumber
[2022/03/20 14:56:41.094] - eth_blockNumber
[2022/03/20 14:56:42.454] - eth_blockNumber
[2022/03/20 14:57:01.106] - eth_blockNumber
[2022/03/20 14:57:02.464] - eth_blockNumber
[2022/03/20 14:57:21.117] - eth_blockNumber
[2022/03/20 14:57:22.473] - eth_blockNumber
[2022/03/20 14:57:41.127] - eth_blockNumber
[2022/03/20 14:57:42.481] - eth_blockNumber
[2022/03/20 14:58:01.140] - eth_blockNumber
[2022/03/20 14:58:02.488] - eth_blockNumber
[2022/03/20 14:58:21.150] - eth_blockNumber
[2022/03/20 14:58:22.498] - eth_blockNumber
[2022/03/20 14:58:41.161] - eth_blockNumber
[2022/03/20 14:58:42.507] - eth_blockNumber
[2022/03/20 14:59:01.172] - eth_blockNumber
[2022/03/20 14:59:02.514] - eth_blockNumber
[2022/03/20 14:59:21.183] - eth_blockNumber
[2022/03/20 14:59:22.521] - eth_blockNumber
[2022/03/20 14:59:41.194] - eth_blockNumber
[2022/03/20 14:59:42.531] - eth_blockNumber
[2022/03/20 15:00:01.204] - eth_blockNumber
[2022/03/20 15:00:02.541] - eth_blockNumber
[2022/03/20 15:00:21.215] - eth_blockNumber
[2022/03/20 15:00:22.548] - eth_blockNumber
[2022/03/20 15:00:41.225] - eth_blockNumber
[2022/03/20 15:00:42.555] - eth_blockNumber
[2022/03/20 15:01:01.238] - eth_blockNumber
[2022/03/20 15:01:02.566] - eth_blockNumber
[2022/03/20 15:01:21.247] - eth_blockNumber
[2022/03/20 15:01:22.575] - eth_blockNumber
[2022/03/20 15:01:41.260] - eth_blockNumber
[2022/03/20 15:01:42.583] - eth_blockNumber
[2022/03/20 15:02:01.270] - eth_blockNumber
[2022/03/20 15:02:02.589] - eth_blockNumber
[2022/03/20 15:02:21.281] - eth_blockNumber
[2022/03/20 15:02:22.600] - eth_blockNumber
[2022/03/20 15:02:41.289] - eth_blockNumber
[2022/03/20 15:02:42.607] - eth_blockNumber
[2022/03/20 15:03:01.296] - eth_blockNumber
[2022/03/20 15:03:02.614] - eth_blockNumber
[2022/03/20 15:03:21.307] - eth_blockNumber
[2022/03/20 15:03:22.624] - eth_blockNumber
[2022/03/20 15:03:41.318] - eth_blockNumber
[2022/03/20 15:03:42.634] - eth_blockNumber
[2022/03/20 15:04:01.326] - eth_blockNumber
[2022/03/20 15:04:02.644] - eth_blockNumber
[2022/03/20 15:04:21.335] - eth_blockNumber
[2022/03/20 15:04:22.654] - eth_blockNumber
[2022/03/20 15:04:41.346] - eth_blockNumber
[2022/03/20 15:04:42.665] - eth_blockNumber
[2022/03/20 15:05:01.357] - eth_blockNumber
[2022/03/20 15:05:02.675] - eth_blockNumber
[2022/03/20 15:05:21.365] - eth_blockNumber
[2022/03/20 15:05:22.685] - eth_blockNumber
[2022/03/20 15:05:41.372] - eth_blockNumber
[2022/03/20 15:05:42.694] - eth_blockNumber
[2022/03/20 15:06:01.382] - eth_blockNumber
[2022/03/20 15:06:02.705] - eth_blockNumber
[2022/03/20 15:06:21.393] - eth_blockNumber
[2022/03/20 15:06:22.715] - eth_blockNumber
[2022/03/20 15:06:41.400] - eth_blockNumber
[2022/03/20 15:06:42.725] - eth_blockNumber
[2022/03/20 15:07:01.407] - eth_blockNumber
[2022/03/20 15:07:02.735] - eth_blockNumber
[2022/03/20 15:07:21.418] - eth_blockNumber
[2022/03/20 15:07:22.744] - eth_blockNumber
[2022/03/20 15:07:41.430] - eth_blockNumber
[2022/03/20 15:07:42.754] - eth_blockNumber
[2022/03/20 15:08:01.438] - eth_blockNumber
[2022/03/20 15:08:02.761] - eth_blockNumber
[2022/03/20 15:08:21.445] - eth_blockNumber
[2022/03/20 15:08:22.768] - eth_blockNumber
[2022/03/20 15:08:41.456] - eth_blockNumber
[2022/03/20 15:08:42.778] - eth_blockNumber
[2022/03/20 15:09:01.464] - eth_blockNumber
[2022/03/20 15:09:02.788] - eth_blockNumber
[2022/03/20 15:09:21.578] - eth_blockNumber
[2022/03/20 15:09:22.796] - eth_blockNumber
[2022/03/20 15:09:41.585] - eth_blockNumber
[2022/03/20 15:09:42.804] - eth_blockNumber
[2022/03/20 15:10:01.592] - eth_blockNumber
[2022/03/20 15:10:02.813] - eth_blockNumber
[2022/03/20 15:10:21.596] - eth_blockNumber
[2022/03/20 15:10:22.821] - eth_blockNumber
[2022/03/20 15:10:41.601] - eth_blockNumber
[2022/03/20 15:10:42.832] - eth_blockNumber
[2022/03/20 15:11:01.607] - eth_blockNumber
[2022/03/20 15:11:02.840] - eth_blockNumber
[2022/03/20 15:11:21.615] - eth_blockNumber
[2022/03/20 15:11:22.845] - eth_blockNumber
[2022/03/20 15:11:41.623] - eth_blockNumber
[2022/03/20 15:11:42.854] - eth_blockNumber
[2022/03/20 15:12:01.627] - eth_blockNumber
[2022/03/20 15:12:02.863] - eth_blockNumber
[2022/03/20 15:12:21.631] - eth_blockNumber
[2022/03/20 15:12:22.870] - eth_blockNumber
[2022/03/20 15:12:41.635] - eth_blockNumber
[2022/03/20 15:12:42.874] - eth_blockNumber
[2022/03/20 15:13:01.639] - eth_blockNumber
[2022/03/20 15:13:02.878] - eth_blockNumber
[2022/03/20 15:13:21.643] - eth_blockNumber
[2022/03/20 15:13:22.882] - eth_blockNumber
[2022/03/20 15:13:41.647] - eth_blockNumber
[2022/03/20 15:13:42.886] - eth_blockNumber
[2022/03/20 15:14:01.651] - eth_blockNumber
[2022/03/20 15:14:02.890] - eth_blockNumber
[2022/03/20 15:14:21.658] - eth_blockNumber
[2022/03/20 15:14:22.893] - eth_blockNumber
[2022/03/20 15:14:41.669] - eth_blockNumber
[2022/03/20 15:14:42.900] - eth_blockNumber
[2022/03/20 15:15:01.679] - eth_blockNumber
[2022/03/20 15:15:02.909] - eth_blockNumber
[2022/03/20 15:15:21.689] - eth_blockNumber
[2022/03/20 15:15:22.918] - eth_blockNumber
[2022/03/20 15:15:41.700] - eth_blockNumber
[2022/03/20 15:15:42.925] - eth_blockNumber
[2022/03/20 15:16:01.710] - eth_blockNumber
[2022/03/20 15:16:02.932] - eth_blockNumber
[2022/03/20 15:16:21.718] - eth_blockNumber
[2022/03/20 15:16:22.944] - eth_blockNumber
[2022/03/20 15:16:41.725] - eth_blockNumber
[2022/03/20 15:16:42.954] - eth_blockNumber
[2022/03/20 15:17:01.732] - eth_blockNumber
[2022/03/20 15:17:02.963] - eth_blockNumber
[2022/03/20 15:17:21.739] - eth_blockNumber
[2022/03/20 15:17:22.971] - eth_blockNumber
[2022/03/20 15:17:41.750] - eth_blockNumber
[2022/03/20 15:17:42.978] - eth_blockNumber
[2022/03/20 15:18:01.761] - eth_blockNumber
[2022/03/20 15:18:02.987] - eth_blockNumber
[2022/03/20 15:18:21.768] - eth_blockNumber
[2022/03/20 15:18:22.997] - eth_blockNumber
[2022/03/20 15:18:41.775] - eth_blockNumber
[2022/03/20 15:18:43.007] - eth_blockNumber
[2022/03/20 15:19:01.782] - eth_blockNumber
[2022/03/20 15:19:03.014] - eth_blockNumber
[2022/03/20 15:19:21.788] - eth_blockNumber
[2022/03/20 15:19:23.018] - eth_blockNumber
[2022/03/20 15:19:41.792] - eth_blockNumber
[2022/03/20 15:19:43.024] - eth_blockNumber
[2022/03/20 15:20:01.800] - eth_blockNumber
[2022/03/20 15:20:03.034] - eth_blockNumber
[2022/03/20 15:20:21.810] - eth_blockNumber
[2022/03/20 15:20:23.041] - eth_blockNumber
[2022/03/20 15:20:41.820] - eth_blockNumber
[2022/03/20 15:20:43.048] - eth_blockNumber
[2022/03/20 15:21:01.827] - eth_blockNumber
[2022/03/20 15:21:03.057] - eth_blockNumber
[2022/03/20 15:21:21.834] - eth_blockNumber
[2022/03/20 15:21:23.066] - eth_blockNumber
[2022/03/20 15:21:41.842] - eth_blockNumber
[2022/03/20 15:21:43.073] - eth_blockNumber
[2022/03/20 15:22:01.849] - eth_blockNumber
[2022/03/20 15:22:03.078] - eth_blockNumber
[2022/03/20 15:22:21.853] - eth_blockNumber
[2022/03/20 15:22:23.086] - eth_blockNumber
[2022/03/20 15:22:41.859] - eth_blockNumber
[2022/03/20 15:22:43.094] - eth_blockNumber
[2022/03/20 15:23:01.863] - eth_blockNumber
[2022/03/20 15:23:03.101] - eth_blockNumber
[2022/03/20 15:23:21.868] - eth_blockNumber
[2022/03/20 15:23:23.106] - eth_blockNumber
[2022/03/20 15:23:41.874] - eth_blockNumber
[2022/03/20 15:23:43.110] - eth_blockNumber
[2022/03/20 15:24:01.878] - eth_blockNumber
[2022/03/20 15:24:03.114] - eth_blockNumber
[2022/03/20 15:24:21.882] - eth_blockNumber
[2022/03/20 15:24:23.119] - eth_blockNumber
[2022/03/20 15:24:41.887] - eth_blockNumber
[2022/03/20 15:24:43.127] - eth_blockNumber
[2022/03/20 15:25:01.891] - eth_blockNumber
[2022/03/20 15:25:03.134] - eth_blockNumber
[2022/03/20 15:25:21.896] - eth_blockNumber
[2022/03/20 15:25:23.140] - eth_blockNumber
[2022/03/20 15:25:41.899] - eth_blockNumber
[2022/03/20 15:25:43.145] - eth_blockNumber
[2022/03/20 15:26:01.903] - eth_blockNumber
[2022/03/20 15:26:03.151] - eth_blockNumber
[2022/03/20 15:26:21.912] - eth_blockNumber
[2022/03/20 15:26:23.156] - eth_blockNumber
[2022/03/20 15:26:41.923] - eth_blockNumber
[2022/03/20 15:26:43.164] - eth_blockNumber
[2022/03/20 15:27:01.931] - eth_blockNumber
[2022/03/20 15:27:03.174] - eth_blockNumber
[2022/03/20 15:27:21.937] - eth_blockNumber
[2022/03/20 15:27:23.181] - eth_blockNumber
[2022/03/20 15:27:41.946] - eth_blockNumber
[2022/03/20 15:27:43.185] - eth_blockNumber
[2022/03/20 15:28:01.957] - eth_blockNumber
[2022/03/20 15:28:03.189] - eth_blockNumber
[2022/03/20 15:28:21.965] - eth_blockNumber
[2022/03/20 15:28:23.194] - eth_blockNumber
[2022/03/20 15:28:41.974] - eth_blockNumber
[2022/03/20 15:28:43.199] - eth_blockNumber
[2022/03/20 15:29:01.982] - eth_blockNumber
[2022/03/20 15:29:03.204] - eth_blockNumber
[2022/03/20 15:29:21.986] - eth_blockNumber
[2022/03/20 15:29:23.209] - eth_blockNumber
[2022/03/20 15:29:41.990] - eth_blockNumber
[2022/03/20 15:29:43.214] - eth_blockNumber
[2022/03/20 15:30:01.995] - eth_blockNumber
[2022/03/20 15:30:03.223] - eth_blockNumber
[2022/03/20 15:30:22.003] - eth_blockNumber
[2022/03/20 15:30:23.230] - eth_blockNumber
[2022/03/20 15:30:42.010] - eth_blockNumber
[2022/03/20 15:30:43.237] - eth_blockNumber
[2022/03/20 15:31:02.017] - eth_blockNumber
[2022/03/20 15:31:03.245] - eth_blockNumber
[2022/03/20 15:31:22.022] - eth_blockNumber
[2022/03/20 15:31:23.249] - eth_blockNumber
[2022/03/20 15:31:42.028] - eth_blockNumber
[2022/03/20 15:31:43.258] - eth_blockNumber
[2022/03/20 15:32:02.057] - eth_blockNumber
[2022/03/20 15:32:03.315] - eth_blockNumber
[2022/03/20 15:32:22.064] - eth_blockNumber
[2022/03/20 15:32:23.320] - eth_blockNumber
[2022/03/20 15:32:42.071] - eth_blockNumber
[2022/03/20 15:32:43.328] - eth_blockNumber
[2022/03/20 15:33:02.077] - eth_blockNumber
[2022/03/20 15:33:03.335] - eth_blockNumber
[2022/03/20 15:33:22.083] - eth_blockNumber
[2022/03/20 15:33:23.351] - eth_blockNumber
[2022/03/20 15:33:42.092] - eth_blockNumber
[2022/03/20 15:33:43.365] - eth_blockNumber
[2022/03/20 15:34:02.097] - eth_blockNumber
[2022/03/20 15:34:03.373] - eth_blockNumber
[2022/03/20 15:34:22.105] - eth_blockNumber
[2022/03/20 15:34:23.386] - eth_blockNumber
[2022/03/20 15:34:42.114] - eth_blockNumber
[2022/03/20 15:34:43.409] - eth_blockNumber
[2022/03/20 15:35:02.127] - eth_blockNumber
[2022/03/20 15:35:03.423] - eth_blockNumber
[2022/03/20 15:35:22.133] - eth_blockNumber
[2022/03/20 15:35:23.439] - eth_blockNumber
[2022/03/20 15:35:42.149] - eth_blockNumber
[2022/03/20 15:35:43.457] - eth_blockNumber
[2022/03/20 15:36:02.155] - eth_blockNumber
[2022/03/20 15:36:03.463] - eth_blockNumber
[2022/03/20 15:36:22.163] - eth_blockNumber
[2022/03/20 15:36:23.469] - eth_blockNumber
[2022/03/20 15:36:42.171] - eth_blockNumber
[2022/03/20 15:36:43.480] - eth_blockNumber
[2022/03/20 15:37:02.176] - eth_blockNumber
[2022/03/20 15:37:03.487] - eth_blockNumber
[2022/03/20 15:37:22.182] - eth_blockNumber
[2022/03/20 15:37:23.494] - eth_blockNumber
[2022/03/20 15:37:42.190] - eth_blockNumber
[2022/03/20 15:37:43.501] - eth_blockNumber
[2022/03/20 15:38:02.197] - eth_blockNumber
[2022/03/20 15:38:03.509] - eth_blockNumber
[2022/03/20 15:38:22.203] - eth_blockNumber
[2022/03/20 15:38:23.516] - eth_blockNumber
[2022/03/20 15:38:42.208] - eth_blockNumber
[2022/03/20 15:38:43.522] - eth_blockNumber
[2022/03/20 15:39:02.213] - eth_blockNumber
[2022/03/20 15:39:03.526] - eth_blockNumber
[2022/03/20 15:39:22.217] - eth_blockNumber
[2022/03/20 15:39:23.533] - eth_blockNumber
[2022/03/20 15:39:42.224] - eth_blockNumber
[2022/03/20 15:39:43.548] - eth_blockNumber
[2022/03/20 15:40:02.233] - eth_blockNumber
[2022/03/20 15:40:03.555] - eth_blockNumber
[2022/03/20 15:40:22.245] - eth_blockNumber
[2022/03/20 15:40:23.565] - eth_blockNumber
[2022/03/20 15:40:42.255] - eth_blockNumber
[2022/03/20 15:40:43.573] - eth_blockNumber
[2022/03/20 15:41:02.267] - eth_blockNumber
[2022/03/20 15:41:03.581] - eth_blockNumber
[2022/03/20 15:41:22.280] - eth_blockNumber
[2022/03/20 15:41:23.591] - eth_blockNumber
[2022/03/20 15:41:42.289] - eth_blockNumber
[2022/03/20 15:41:43.601] - eth_blockNumber
[2022/03/20 15:42:02.298] - eth_blockNumber
[2022/03/20 15:42:03.607] - eth_blockNumber
[2022/03/20 15:42:22.305] - eth_blockNumber
[2022/03/20 15:42:23.612] - eth_blockNumber
[2022/03/20 15:42:42.312] - eth_blockNumber
[2022/03/20 15:42:43.618] - eth_blockNumber
[2022/03/20 15:43:02.320] - eth_blockNumber
[2022/03/20 15:43:03.627] - eth_blockNumber
[2022/03/20 15:43:22.330] - eth_blockNumber
[2022/03/20 15:43:23.635] - eth_blockNumber
[2022/03/20 15:43:42.341] - eth_blockNumber
[2022/03/20 15:43:43.642] - eth_blockNumber
[2022/03/20 15:44:02.352] - eth_blockNumber
[2022/03/20 15:44:03.652] - eth_blockNumber
[2022/03/20 15:44:22.363] - eth_blockNumber
[2022/03/20 15:44:23.662] - eth_blockNumber
[2022/03/20 15:44:42.373] - eth_blockNumber
[2022/03/20 15:44:43.670] - eth_blockNumber
[2022/03/20 15:45:02.383] - eth_blockNumber
[2022/03/20 15:45:03.677] - eth_blockNumber
[2022/03/20 15:45:22.394] - eth_blockNumber
[2022/03/20 15:45:23.684] - eth_blockNumber
[2022/03/20 15:45:42.402] - eth_blockNumber
[2022/03/20 15:45:43.695] - eth_blockNumber
[2022/03/20 15:46:02.408] - eth_blockNumber
[2022/03/20 15:46:03.704] - eth_blockNumber
[2022/03/20 15:46:22.417] - eth_blockNumber
[2022/03/20 15:46:23.711] - eth_blockNumber
[2022/03/20 15:46:42.427] - eth_blockNumber
[2022/03/20 15:46:43.716] - eth_blockNumber
[2022/03/20 15:47:02.435] - eth_blockNumber
[2022/03/20 15:47:03.721] - eth_blockNumber
[2022/03/20 15:47:22.443] - eth_blockNumber
[2022/03/20 15:47:23.725] - eth_blockNumber
[2022/03/20 15:47:42.451] - eth_blockNumber
[2022/03/20 15:47:43.730] - eth_blockNumber
[2022/03/20 15:48:02.460] - eth_blockNumber
[2022/03/20 15:48:03.734] - eth_blockNumber
[2022/03/20 15:48:22.465] - eth_blockNumber
[2022/03/20 15:48:23.738] - eth_blockNumber
[2022/03/20 15:48:42.469] - eth_blockNumber
[2022/03/20 15:48:43.742] - eth_blockNumber
[2022/03/20 15:49:02.474] - eth_blockNumber
[2022/03/20 15:49:03.747] - eth_blockNumber
[2022/03/20 15:49:22.480] - eth_blockNumber
[2022/03/20 15:49:23.752] - eth_blockNumber
[2022/03/20 15:49:42.486] - eth_blockNumber
[2022/03/20 15:49:43.759] - eth_blockNumber
[2022/03/20 15:50:02.495] - eth_blockNumber
[2022/03/20 15:50:03.767] - eth_blockNumber
[2022/03/20 15:50:22.502] - eth_blockNumber
[2022/03/20 15:50:23.777] - eth_blockNumber
[2022/03/20 15:50:42.507] - eth_blockNumber
[2022/03/20 15:50:43.784] - eth_blockNumber
[2022/03/20 15:51:02.514] - eth_blockNumber
[2022/03/20 15:51:03.791] - eth_blockNumber
[2022/03/20 15:51:22.523] - eth_blockNumber
[2022/03/20 15:51:23.798] - eth_blockNumber
[2022/03/20 15:51:42.542] - eth_blockNumber
[2022/03/20 15:51:43.805] - eth_blockNumber
[2022/03/20 15:52:02.549] - eth_blockNumber
[2022/03/20 15:52:03.815] - eth_blockNumber
[2022/03/20 15:52:22.557] - eth_blockNumber
[2022/03/20 15:52:23.825] - eth_blockNumber
[2022/03/20 15:52:42.566] - eth_blockNumber
[2022/03/20 15:52:43.836] - eth_blockNumber
[2022/03/20 15:53:02.574] - eth_blockNumber
[2022/03/20 15:53:03.847] - eth_blockNumber
[2022/03/20 15:53:22.585] - eth_blockNumber
[2022/03/20 15:53:23.854] - eth_blockNumber
[2022/03/20 15:53:42.595] - eth_blockNumber
[2022/03/20 15:53:43.861] - eth_blockNumber
[2022/03/20 15:54:02.605] - eth_blockNumber
[2022/03/20 15:54:03.870] - eth_blockNumber
[2022/03/20 15:54:22.616] - eth_blockNumber
[2022/03/20 15:54:23.880] - eth_blockNumber
[2022/03/20 15:54:42.623] - eth_blockNumber
[2022/03/20 15:54:43.894] - eth_blockNumber
[2022/03/20 15:55:02.630] - eth_blockNumber
[2022/03/20 15:55:03.904] - eth_blockNumber
[2022/03/20 15:55:22.638] - eth_blockNumber
[2022/03/20 15:55:23.911] - eth_blockNumber
[2022/03/20 15:55:42.648] - eth_blockNumber
[2022/03/20 15:55:43.918] - eth_blockNumber
[2022/03/20 15:56:02.658] - eth_blockNumber
[2022/03/20 15:56:03.927] - eth_blockNumber
[2022/03/20 15:56:22.670] - eth_blockNumber
[2022/03/20 15:56:23.934] - eth_blockNumber
[2022/03/20 15:56:42.678] - eth_blockNumber
[2022/03/20 15:56:43.941] - eth_blockNumber
[2022/03/20 15:57:02.687] - eth_blockNumber
[2022/03/20 15:57:03.950] - eth_blockNumber
[2022/03/20 15:57:22.697] - eth_blockNumber
[2022/03/20 15:57:23.959] - eth_blockNumber
[2022/03/20 15:57:42.707] - eth_blockNumber
[2022/03/20 15:57:43.967] - eth_blockNumber
[2022/03/20 15:58:02.715] - eth_blockNumber
[2022/03/20 15:58:03.973] - eth_blockNumber
[2022/03/20 15:58:22.722] - eth_blockNumber
[2022/03/20 15:58:23.982] - eth_blockNumber
[2022/03/20 15:58:42.732] - eth_blockNumber
[2022/03/20 15:58:43.993] - eth_blockNumber
[2022/03/20 15:59:02.740] - eth_blockNumber
[2022/03/20 15:59:04.003] - eth_blockNumber
[2022/03/20 15:59:22.747] - eth_blockNumber
[2022/03/20 15:59:24.012] - eth_blockNumber
[2022/03/20 15:59:42.757] - eth_blockNumber
[2022/03/20 15:59:44.022] - eth_blockNumber
[2022/03/20 16:00:02.768] - eth_blockNumber
[2022/03/20 16:00:04.029] - eth_blockNumber
[2022/03/20 16:00:22.778] - eth_blockNumber
[2022/03/20 16:00:24.035] - eth_blockNumber
[2022/03/20 16:00:42.785] - eth_blockNumber
[2022/03/20 16:00:44.043] - eth_blockNumber
[2022/03/20 16:01:02.793] - eth_blockNumber
[2022/03/20 16:01:04.051] - eth_blockNumber
[2022/03/20 16:01:22.803] - eth_blockNumber
[2022/03/20 16:01:24.060] - eth_blockNumber
[2022/03/20 16:01:42.813] - eth_blockNumber
[2022/03/20 16:01:44.069] - eth_blockNumber
[2022/03/20 16:02:02.823] - eth_blockNumber
[2022/03/20 16:02:04.076] - eth_blockNumber
[2022/03/20 16:02:22.833] - eth_blockNumber
[2022/03/20 16:02:24.083] - eth_blockNumber
[2022/03/20 16:02:42.843] - eth_blockNumber
[2022/03/20 16:02:44.092] - eth_blockNumber
[2022/03/20 16:03:02.853] - eth_blockNumber
[2022/03/20 16:03:04.101] - eth_blockNumber
[2022/03/20 16:03:22.860] - eth_blockNumber
[2022/03/20 16:03:24.111] - eth_blockNumber
[2022/03/20 16:03:42.868] - eth_blockNumber
[2022/03/20 16:03:44.120] - eth_blockNumber
[2022/03/20 16:04:02.878] - eth_blockNumber
[2022/03/20 16:04:04.130] - eth_blockNumber
[2022/03/20 16:04:22.888] - eth_blockNumber
[2022/03/20 16:04:24.139] - eth_blockNumber
[2022/03/20 16:04:42.895] - eth_blockNumber
[2022/03/20 16:04:44.146] - eth_blockNumber
[2022/03/20 16:05:02.902] - eth_blockNumber
[2022/03/20 16:05:04.150] - eth_blockNumber
[2022/03/20 16:05:22.912] - eth_blockNumber
[2022/03/20 16:05:24.157] - eth_blockNumber
[2022/03/20 16:05:42.922] - eth_blockNumber
[2022/03/20 16:05:44.166] - eth_blockNumber
[2022/03/20 16:06:02.932] - eth_blockNumber
[2022/03/20 16:06:04.176] - eth_blockNumber
[2022/03/20 16:06:22.940] - eth_blockNumber
[2022/03/20 16:06:24.186] - eth_blockNumber
[2022/03/20 16:06:42.947] - eth_blockNumber
[2022/03/20 16:06:44.195] - eth_blockNumber
[2022/03/20 16:07:02.957] - eth_blockNumber
[2022/03/20 16:07:04.203] - eth_blockNumber
[2022/03/20 16:07:22.964] - eth_blockNumber
[2022/03/20 16:07:24.210] - eth_blockNumber
[2022/03/20 16:07:42.971] - eth_blockNumber
[2022/03/20 16:07:44.219] - eth_blockNumber
[2022/03/20 16:08:02.979] - eth_blockNumber
[2022/03/20 16:08:04.227] - eth_blockNumber
[2022/03/20 16:08:22.986] - eth_blockNumber
[2022/03/20 16:08:24.233] - eth_blockNumber
[2022/03/20 16:08:42.997] - eth_blockNumber
[2022/03/20 16:08:44.243] - eth_blockNumber
[2022/03/20 16:09:03.003] - eth_blockNumber
[2022/03/20 16:09:04.252] - eth_blockNumber
[2022/03/20 16:09:23.010] - eth_blockNumber
[2022/03/20 16:09:24.259] - eth_blockNumber
[2022/03/20 16:09:43.020] - eth_blockNumber
[2022/03/20 16:09:44.266] - eth_blockNumber
[2022/03/20 16:10:03.029] - eth_blockNumber
[2022/03/20 16:10:04.275] - eth_blockNumber
[2022/03/20 16:10:23.037] - eth_blockNumber
[2022/03/20 16:10:24.285] - eth_blockNumber
[2022/03/20 16:10:43.044] - eth_blockNumber
[2022/03/20 16:10:44.293] - eth_blockNumber
[2022/03/20 16:11:03.052] - eth_blockNumber
[2022/03/20 16:11:04.300] - eth_blockNumber
[2022/03/20 16:11:23.062] - eth_blockNumber
[2022/03/20 16:11:24.309] - eth_blockNumber
[2022/03/20 16:11:43.071] - eth_blockNumber
[2022/03/20 16:11:44.319] - eth_blockNumber
[2022/03/20 16:12:03.081] - eth_blockNumber
[2022/03/20 16:12:04.328] - eth_blockNumber
[2022/03/20 16:12:23.091] - eth_blockNumber
[2022/03/20 16:12:24.335] - eth_blockNumber
[2022/03/20 16:12:43.102] - eth_blockNumber
[2022/03/20 16:12:44.339] - eth_blockNumber
[2022/03/20 16:13:03.111] - eth_blockNumber
[2022/03/20 16:13:04.346] - eth_blockNumber
[2022/03/20 16:13:23.121] - eth_blockNumber
[2022/03/20 16:13:24.356] - eth_blockNumber
[2022/03/20 16:13:43.128] - eth_blockNumber
[2022/03/20 16:13:44.362] - eth_blockNumber
[2022/03/20 16:14:03.135] - eth_blockNumber
[2022/03/20 16:14:04.369] - eth_blockNumber
[2022/03/20 16:14:23.145] - eth_blockNumber
[2022/03/20 16:14:24.378] - eth_blockNumber
[2022/03/20 16:14:43.155] - eth_blockNumber
[2022/03/20 16:14:44.388] - eth_blockNumber
[2022/03/20 16:15:03.165] - eth_blockNumber
[2022/03/20 16:15:04.397] - eth_blockNumber
[2022/03/20 16:15:23.175] - eth_blockNumber
[2022/03/20 16:15:24.404] - eth_blockNumber
[2022/03/20 16:15:43.187] - eth_blockNumber
[2022/03/20 16:15:44.411] - eth_blockNumber
[2022/03/20 16:16:03.195] - eth_blockNumber
[2022/03/20 16:16:04.419] - eth_blockNumber
[2022/03/20 16:16:23.202] - eth_blockNumber
[2022/03/20 16:16:24.424] - eth_blockNumber
[2022/03/20 16:16:43.218] - eth_blockNumber
[2022/03/20 16:16:44.428] - eth_blockNumber
[2022/03/20 16:17:03.229] - eth_blockNumber
[2022/03/20 16:17:04.437] - eth_blockNumber
[2022/03/20 16:17:23.236] - eth_blockNumber
[2022/03/20 16:17:24.447] - eth_blockNumber
[2022/03/20 16:17:43.243] - eth_blockNumber
[2022/03/20 16:17:44.456] - eth_blockNumber
[2022/03/20 16:18:03.249] - eth_blockNumber
[2022/03/20 16:18:04.464] - eth_blockNumber
[2022/03/20 16:18:23.253] - eth_blockNumber
[2022/03/20 16:18:24.470] - eth_blockNumber
[2022/03/20 16:18:43.267] - eth_blockNumber
[2022/03/20 16:18:44.479] - eth_blockNumber
[2022/03/20 16:19:03.277] - eth_blockNumber
[2022/03/20 16:19:04.489] - eth_blockNumber
[2022/03/20 16:19:23.284] - eth_blockNumber
[2022/03/20 16:19:24.498] - eth_blockNumber
[2022/03/20 16:19:43.291] - eth_blockNumber
[2022/03/20 16:19:44.505] - eth_blockNumber
[2022/03/20 16:20:03.301] - eth_blockNumber
[2022/03/20 16:20:04.512] - eth_blockNumber
[2022/03/20 16:20:23.308] - eth_blockNumber
[2022/03/20 16:20:24.522] - eth_blockNumber
[2022/03/20 16:20:43.312] - eth_blockNumber
[2022/03/20 16:20:44.528] - eth_blockNumber
[2022/03/20 16:21:03.317] - eth_blockNumber
[2022/03/20 16:21:04.535] - eth_blockNumber
[2022/03/20 16:21:23.321] - eth_blockNumber
[2022/03/20 16:21:24.542] - eth_blockNumber
[2022/03/20 16:21:43.328] - eth_blockNumber
[2022/03/20 16:21:44.549] - eth_blockNumber
[2022/03/20 16:22:03.338] - eth_blockNumber
[2022/03/20 16:22:04.558] - eth_blockNumber
[2022/03/20 16:22:23.345] - eth_blockNumber
[2022/03/20 16:22:24.569] - eth_blockNumber
[2022/03/20 16:22:43.353] - eth_blockNumber
[2022/03/20 16:22:44.580] - eth_blockNumber
[2022/03/20 16:23:03.361] - eth_blockNumber
[2022/03/20 16:23:04.590] - eth_blockNumber
[2022/03/20 16:23:23.366] - eth_blockNumber
[2022/03/20 16:23:24.599] - eth_blockNumber
[2022/03/20 16:23:43.374] - eth_blockNumber
[2022/03/20 16:23:44.608] - eth_blockNumber
[2022/03/20 16:24:03.384] - eth_blockNumber
[2022/03/20 16:24:04.615] - eth_blockNumber
[2022/03/20 16:24:23.391] - eth_blockNumber
[2022/03/20 16:24:24.622] - eth_blockNumber
[2022/03/20 16:24:43.398] - eth_blockNumber
[2022/03/20 16:24:44.631] - eth_blockNumber
[2022/03/20 16:25:03.408] - eth_blockNumber
[2022/03/20 16:25:04.641] - eth_blockNumber
[2022/03/20 16:25:23.416] - eth_blockNumber
[2022/03/20 16:25:24.650] - eth_blockNumber
[2022/03/20 16:25:43.423] - eth_blockNumber
[2022/03/20 16:25:44.660] - eth_blockNumber
[2022/03/20 16:26:03.434] - eth_blockNumber
[2022/03/20 16:26:04.669] - eth_blockNumber
[2022/03/20 16:26:23.441] - eth_blockNumber
[2022/03/20 16:26:24.676] - eth_blockNumber
[2022/03/20 16:26:43.449] - eth_blockNumber
[2022/03/20 16:26:44.683] - eth_blockNumber
[2022/03/20 16:27:03.459] - eth_blockNumber
[2022/03/20 16:27:04.690] - eth_blockNumber
[2022/03/20 16:27:23.469] - eth_blockNumber
[2022/03/20 16:27:24.697] - eth_blockNumber
[2022/03/20 16:27:43.479] - eth_blockNumber
[2022/03/20 16:27:44.706] - eth_blockNumber
[2022/03/20 16:28:03.489] - eth_blockNumber
[2022/03/20 16:28:04.715] - eth_blockNumber
[2022/03/20 16:28:23.499] - eth_blockNumber
[2022/03/20 16:28:24.723] - eth_blockNumber
[2022/03/20 16:28:43.509] - eth_blockNumber
[2022/03/20 16:28:44.730] - eth_blockNumber
[2022/03/20 16:29:03.519] - eth_blockNumber
[2022/03/20 16:29:04.739] - eth_blockNumber
[2022/03/20 16:29:23.529] - eth_blockNumber
[2022/03/20 16:29:24.748] - eth_blockNumber
[2022/03/20 16:29:43.536] - eth_blockNumber
[2022/03/20 16:29:44.758] - eth_blockNumber
[2022/03/20 16:30:03.544] - eth_blockNumber
[2022/03/20 16:30:04.767] - eth_blockNumber
[2022/03/20 16:30:23.554] - eth_blockNumber
[2022/03/20 16:30:24.777] - eth_blockNumber
[2022/03/20 16:30:43.563] - eth_blockNumber
[2022/03/20 16:30:44.786] - eth_blockNumber
[2022/03/20 16:31:03.571] - eth_blockNumber
[2022/03/20 16:31:04.795] - eth_blockNumber
[2022/03/20 16:31:23.578] - eth_blockNumber
[2022/03/20 16:31:24.802] - eth_blockNumber
[2022/03/20 16:31:43.585] - eth_blockNumber
[2022/03/20 16:31:44.807] - eth_blockNumber
[2022/03/20 16:32:03.593] - eth_blockNumber
[2022/03/20 16:32:04.813] - eth_blockNumber
[2022/03/20 16:32:23.602] - eth_blockNumber
[2022/03/20 16:32:24.822] - eth_blockNumber
[2022/03/20 16:32:43.610] - eth_blockNumber
[2022/03/20 16:32:44.832] - eth_blockNumber
[2022/03/20 16:33:03.617] - eth_blockNumber
[2022/03/20 16:33:04.841] - eth_blockNumber
[2022/03/20 16:33:23.627] - eth_blockNumber
[2022/03/20 16:33:24.851] - eth_blockNumber
[2022/03/20 16:33:43.638] - eth_blockNumber
[2022/03/20 16:33:44.861] - eth_blockNumber
[2022/03/20 16:34:03.645] - eth_blockNumber
[2022/03/20 16:34:04.877] - eth_blockNumber
[2022/03/20 16:34:23.656] - eth_blockNumber
[2022/03/20 16:34:24.887] - eth_blockNumber
[2022/03/20 16:34:43.672] - eth_blockNumber
[2022/03/20 16:34:44.894] - eth_blockNumber
[2022/03/20 16:35:03.682] - eth_blockNumber
[2022/03/20 16:35:04.903] - eth_blockNumber
[2022/03/20 16:35:23.692] - eth_blockNumber
[2022/03/20 16:35:24.912] - eth_blockNumber
[2022/03/20 16:35:43.702] - eth_blockNumber
[2022/03/20 16:35:44.919] - eth_blockNumber
[2022/03/20 16:36:03.712] - eth_blockNumber
[2022/03/20 16:36:04.924] - eth_blockNumber
[2022/03/20 16:36:23.722] - eth_blockNumber
[2022/03/20 16:36:24.932] - eth_blockNumber
[2022/03/20 16:36:43.733] - eth_blockNumber
[2022/03/20 16:36:44.941] - eth_blockNumber
[2022/03/20 16:37:03.740] - eth_blockNumber
[2022/03/20 16:37:04.951] - eth_blockNumber
[2022/03/20 16:37:23.748] - eth_blockNumber
[2022/03/20 16:37:24.962] - eth_blockNumber
[2022/03/20 16:37:43.758] - eth_blockNumber
[2022/03/20 16:37:44.969] - eth_blockNumber
[2022/03/20 16:38:03.768] - eth_blockNumber
[2022/03/20 16:38:04.979] - eth_blockNumber
[2022/03/20 16:38:23.778] - eth_blockNumber
[2022/03/20 16:38:24.986] - eth_blockNumber
[2022/03/20 16:38:43.788] - eth_blockNumber
[2022/03/20 16:38:44.991] - eth_blockNumber
[2022/03/20 16:39:03.798] - eth_blockNumber
[2022/03/20 16:39:04.998] - eth_blockNumber
[2022/03/20 16:39:23.809] - eth_blockNumber
[2022/03/20 16:39:25.006] - eth_blockNumber
[2022/03/20 16:39:43.819] - eth_blockNumber
[2022/03/20 16:39:45.015] - eth_blockNumber
[2022/03/20 16:40:03.829] - eth_blockNumber
[2022/03/20 16:40:05.022] - eth_blockNumber
[2022/03/20 16:40:23.840] - eth_blockNumber
[2022/03/20 16:40:25.029] - eth_blockNumber
[2022/03/20 16:40:43.854] - eth_blockNumber
[2022/03/20 16:40:45.039] - eth_blockNumber
[2022/03/20 16:41:03.871] - eth_blockNumber
[2022/03/20 16:41:05.048] - eth_blockNumber
[2022/03/20 16:41:23.879] - eth_blockNumber
[2022/03/20 16:41:25.057] - eth_blockNumber
[2022/03/20 16:41:43.892] - eth_blockNumber
[2022/03/20 16:41:45.064] - eth_blockNumber
[2022/03/20 16:42:03.899] - eth_blockNumber
[2022/03/20 16:42:05.071] - eth_blockNumber
[2022/03/20 16:42:23.909] - eth_blockNumber
[2022/03/20 16:42:25.081] - eth_blockNumber
[2022/03/20 16:42:43.920] - eth_blockNumber
[2022/03/20 16:42:45.088] - eth_blockNumber
[2022/03/20 16:43:03.930] - eth_blockNumber
[2022/03/20 16:43:05.092] - eth_blockNumber
[2022/03/20 16:43:23.940] - eth_blockNumber
[2022/03/20 16:43:25.097] - eth_blockNumber
[2022/03/20 16:43:43.950] - eth_blockNumber
[2022/03/20 16:43:45.103] - eth_blockNumber
[2022/03/20 16:44:03.960] - eth_blockNumber
[2022/03/20 16:44:05.112] - eth_blockNumber
[2022/03/20 16:44:23.970] - eth_blockNumber
[2022/03/20 16:44:25.119] - eth_blockNumber
[2022/03/20 16:44:43.982] - eth_blockNumber
[2022/03/20 16:44:45.126] - eth_blockNumber
[2022/03/20 16:45:03.989] - eth_blockNumber
[2022/03/20 16:45:05.135] - eth_blockNumber
[2022/03/20 16:45:23.999] - eth_blockNumber
[2022/03/20 16:45:25.144] - eth_blockNumber
[2022/03/20 16:45:44.020] - eth_blockNumber
[2022/03/20 16:45:45.154] - eth_blockNumber
[2022/03/20 16:46:04.034] - eth_blockNumber
[2022/03/20 16:46:05.165] - eth_blockNumber
[2022/03/20 16:46:24.043] - eth_blockNumber
[2022/03/20 16:46:25.173] - eth_blockNumber
[2022/03/20 16:46:44.052] - eth_blockNumber
[2022/03/20 16:46:45.184] - eth_blockNumber
[2022/03/20 16:47:04.062] - eth_blockNumber
[2022/03/20 16:47:05.193] - eth_blockNumber
[2022/03/20 16:47:24.072] - eth_blockNumber
[2022/03/20 16:47:25.200] - eth_blockNumber
[2022/03/20 16:47:44.081] - eth_blockNumber
[2022/03/20 16:47:45.205] - eth_blockNumber
[2022/03/20 16:48:04.090] - eth_blockNumber
[2022/03/20 16:48:05.214] - eth_blockNumber
[2022/03/20 16:48:24.099] - eth_blockNumber
[2022/03/20 16:48:25.224] - eth_blockNumber
[2022/03/20 16:48:44.107] - eth_blockNumber
[2022/03/20 16:48:45.236] - eth_blockNumber
[2022/03/20 16:49:04.114] - eth_blockNumber
[2022/03/20 16:49:05.248] - eth_blockNumber
[2022/03/20 16:49:24.124] - eth_blockNumber
[2022/03/20 16:49:25.258] - eth_blockNumber
[2022/03/20 16:49:44.133] - eth_blockNumber
[2022/03/20 16:49:45.267] - eth_blockNumber
[2022/03/20 16:50:04.144] - eth_blockNumber
[2022/03/20 16:50:05.276] - eth_blockNumber
[2022/03/20 16:50:24.153] - eth_blockNumber
[2022/03/20 16:50:25.283] - eth_blockNumber
[2022/03/20 16:50:44.163] - eth_blockNumber
[2022/03/20 16:50:45.290] - eth_blockNumber
[2022/03/20 16:51:04.173] - eth_blockNumber
[2022/03/20 16:51:05.299] - eth_blockNumber
[2022/03/20 16:51:24.183] - eth_blockNumber
[2022/03/20 16:51:25.309] - eth_blockNumber
[2022/03/20 16:51:44.190] - eth_blockNumber
[2022/03/20 16:51:45.316] - eth_blockNumber
[2022/03/20 16:52:04.198] - eth_blockNumber
[2022/03/20 16:52:05.322] - eth_blockNumber
[2022/03/20 16:52:24.207] - eth_blockNumber
[2022/03/20 16:52:25.332] - eth_blockNumber
[2022/03/20 16:52:44.216] - eth_blockNumber
[2022/03/20 16:52:45.341] - eth_blockNumber
[2022/03/20 16:53:04.223] - eth_blockNumber
[2022/03/20 16:53:05.348] - eth_blockNumber
[2022/03/20 16:53:24.231] - eth_blockNumber
[2022/03/20 16:53:25.354] - eth_blockNumber
[2022/03/20 16:53:44.241] - eth_blockNumber
[2022/03/20 16:53:45.363] - eth_blockNumber
[2022/03/20 16:54:04.251] - eth_blockNumber
[2022/03/20 16:54:05.372] - eth_blockNumber
[2022/03/20 16:54:24.261] - eth_blockNumber
[2022/03/20 16:54:25.382] - eth_blockNumber
[2022/03/20 16:54:44.271] - eth_blockNumber
[2022/03/20 16:54:45.389] - eth_blockNumber
[2022/03/20 16:55:04.281] - eth_blockNumber
[2022/03/20 16:55:05.396] - eth_blockNumber
[2022/03/20 16:55:24.291] - eth_blockNumber
[2022/03/20 16:55:25.405] - eth_blockNumber
[2022/03/20 16:55:44.301] - eth_blockNumber
[2022/03/20 16:55:45.415] - eth_blockNumber
[2022/03/20 16:56:04.308] - eth_blockNumber
[2022/03/20 16:56:05.424] - eth_blockNumber
[2022/03/20 16:56:24.315] - eth_blockNumber
[2022/03/20 16:56:25.433] - eth_blockNumber
[2022/03/20 16:56:44.324] - eth_blockNumber
[2022/03/20 16:56:45.443] - eth_blockNumber
[2022/03/20 16:57:04.335] - eth_blockNumber
[2022/03/20 16:57:05.452] - eth_blockNumber
[2022/03/20 16:57:24.345] - eth_blockNumber
[2022/03/20 16:57:25.461] - eth_blockNumber
[2022/03/20 16:57:44.352] - eth_blockNumber
[2022/03/20 16:57:45.471] - eth_blockNumber
[2022/03/20 16:58:04.360] - eth_blockNumber
[2022/03/20 16:58:05.480] - eth_blockNumber
[2022/03/20 16:58:24.370] - eth_blockNumber
[2022/03/20 16:58:25.488] - eth_blockNumber
[2022/03/20 16:58:44.377] - eth_blockNumber
[2022/03/20 16:58:45.497] - eth_blockNumber
[2022/03/20 16:59:04.385] - eth_blockNumber
[2022/03/20 16:59:05.504] - eth_blockNumber
[2022/03/20 16:59:24.395] - eth_blockNumber
[2022/03/20 16:59:25.511] - eth_blockNumber
[2022/03/20 16:59:44.402] - eth_blockNumber
[2022/03/20 16:59:45.521] - eth_blockNumber
[2022/03/20 17:00:04.409] - eth_blockNumber
[2022/03/20 17:00:05.530] - eth_blockNumber
[2022/03/20 17:00:24.416] - eth_blockNumber
[2022/03/20 17:00:25.540] - eth_blockNumber
[2022/03/20 17:00:44.423] - eth_blockNumber
[2022/03/20 17:00:45.549] - eth_blockNumber
[2022/03/20 17:01:04.431] - eth_blockNumber
[2022/03/20 17:01:05.559] - eth_blockNumber
[2022/03/20 17:01:24.441] - eth_blockNumber
[2022/03/20 17:01:25.568] - eth_blockNumber
[2022/03/20 17:01:44.449] - eth_blockNumber
[2022/03/20 17:01:45.577] - eth_blockNumber
[2022/03/20 17:02:04.456] - eth_blockNumber
[2022/03/20 17:02:05.584] - eth_blockNumber
[2022/03/20 17:02:24.466] - eth_blockNumber
[2022/03/20 17:02:25.591] - eth_blockNumber
[2022/03/20 17:02:44.473] - eth_blockNumber
[2022/03/20 17:02:45.600] - eth_blockNumber
[2022/03/20 17:03:04.480] - eth_blockNumber
[2022/03/20 17:03:05.610] - eth_blockNumber
[2022/03/20 17:03:24.487] - eth_blockNumber
[2022/03/20 17:03:25.616] - eth_blockNumber
[2022/03/20 17:03:44.494] - eth_blockNumber
[2022/03/20 17:03:45.624] - eth_blockNumber
[2022/03/20 17:04:04.502] - eth_blockNumber
[2022/03/20 17:04:05.633] - eth_blockNumber
[2022/03/20 17:04:24.512] - eth_blockNumber
[2022/03/20 17:04:25.643] - eth_blockNumber
[2022/03/20 17:04:44.519] - eth_blockNumber
[2022/03/20 17:04:45.652] - eth_blockNumber
[2022/03/20 17:05:04.523] - eth_blockNumber
[2022/03/20 17:05:05.661] - eth_blockNumber
[2022/03/20 17:05:24.530] - eth_blockNumber
[2022/03/20 17:05:25.671] - eth_blockNumber
[2022/03/20 17:05:44.537] - eth_blockNumber
[2022/03/20 17:05:45.680] - eth_blockNumber
[2022/03/20 17:06:04.542] - eth_blockNumber
[2022/03/20 17:06:05.689] - eth_blockNumber
[2022/03/20 17:06:24.551] - eth_blockNumber
[2022/03/20 17:06:25.696] - eth_blockNumber
[2022/03/20 17:06:44.559] - eth_blockNumber
[2022/03/20 17:06:45.703] - eth_blockNumber
[2022/03/20 17:07:04.567] - eth_blockNumber
[2022/03/20 17:07:05.713] - eth_blockNumber
[2022/03/20 17:07:24.577] - eth_blockNumber
[2022/03/20 17:07:25.722] - eth_blockNumber
[2022/03/20 17:07:44.585] - eth_blockNumber
[2022/03/20 17:07:45.732] - eth_blockNumber
[2022/03/20 17:08:04.592] - eth_blockNumber
[2022/03/20 17:08:05.741] - eth_blockNumber
[2022/03/20 17:08:24.602] - eth_blockNumber
[2022/03/20 17:08:25.751] - eth_blockNumber
[2022/03/20 17:08:44.609] - eth_blockNumber
[2022/03/20 17:08:45.760] - eth_blockNumber
[2022/03/20 17:09:04.616] - eth_blockNumber
[2022/03/20 17:09:05.769] - eth_blockNumber
[2022/03/20 17:09:24.626] - eth_blockNumber
[2022/03/20 17:09:25.776] - eth_blockNumber
[2022/03/20 17:09:44.634] - eth_blockNumber
[2022/03/20 17:09:45.782] - eth_blockNumber
[2022/03/20 17:10:04.642] - eth_blockNumber
[2022/03/20 17:10:05.792] - eth_blockNumber
[2022/03/20 17:10:24.652] - eth_blockNumber
[2022/03/20 17:10:25.802] - eth_blockNumber
[2022/03/20 17:10:44.659] - eth_blockNumber
[2022/03/20 17:10:45.809] - eth_blockNumber
[2022/03/20 17:11:04.667] - eth_blockNumber
[2022/03/20 17:11:05.815] - eth_blockNumber
[2022/03/20 17:11:24.677] - eth_blockNumber
[2022/03/20 17:11:25.824] - eth_blockNumber
[2022/03/20 17:11:44.684] - eth_blockNumber
[2022/03/20 17:11:45.834] - eth_blockNumber
[2022/03/20 17:12:04.691] - eth_blockNumber
[2022/03/20 17:12:05.843] - eth_blockNumber
[2022/03/20 17:12:24.698] - eth_blockNumber
[2022/03/20 17:12:25.852] - eth_blockNumber
[2022/03/20 17:12:44.706] - eth_blockNumber
[2022/03/20 17:12:45.860] - eth_blockNumber
[2022/03/20 17:13:04.716] - eth_blockNumber
[2022/03/20 17:13:05.865] - eth_blockNumber
[2022/03/20 17:13:24.727] - eth_blockNumber
[2022/03/20 17:13:25.872] - eth_blockNumber
[2022/03/20 17:13:44.736] - eth_blockNumber
[2022/03/20 17:13:45.879] - eth_blockNumber
[2022/03/20 17:14:04.745] - eth_blockNumber
[2022/03/20 17:14:05.886] - eth_blockNumber
[2022/03/20 17:14:24.755] - eth_blockNumber
[2022/03/20 17:14:25.896] - eth_blockNumber
[2022/03/20 17:14:44.766] - eth_blockNumber
[2022/03/20 17:14:45.905] - eth_blockNumber
[2022/03/20 17:15:04.773] - eth_blockNumber
[2022/03/20 17:15:05.915] - eth_blockNumber
[2022/03/20 17:15:24.780] - eth_blockNumber
[2022/03/20 17:15:25.922] - eth_blockNumber
[2022/03/20 17:15:44.790] - eth_blockNumber
[2022/03/20 17:15:45.931] - eth_blockNumber
[2022/03/20 17:16:04.800] - eth_blockNumber
[2022/03/20 17:16:05.940] - eth_blockNumber
[2022/03/20 17:16:24.811] - eth_blockNumber
[2022/03/20 17:16:25.949] - eth_blockNumber
[2022/03/20 17:16:44.818] - eth_blockNumber
[2022/03/20 17:16:45.956] - eth_blockNumber
[2022/03/20 17:17:04.826] - eth_blockNumber
[2022/03/20 17:17:05.960] - eth_blockNumber
[2022/03/20 17:17:24.835] - eth_blockNumber
[2022/03/20 17:17:25.967] - eth_blockNumber
[2022/03/20 17:17:44.843] - eth_blockNumber
[2022/03/20 17:17:45.976] - eth_blockNumber
[2022/03/20 17:18:04.852] - eth_blockNumber
[2022/03/20 17:18:05.982] - eth_blockNumber
[2022/03/20 17:18:24.862] - eth_blockNumber
[2022/03/20 17:18:25.988] - eth_blockNumber
[2022/03/20 17:18:44.870] - eth_blockNumber
[2022/03/20 17:18:45.997] - eth_blockNumber
[2022/03/20 17:19:04.880] - eth_blockNumber
[2022/03/20 17:19:06.012] - eth_blockNumber
[2022/03/20 17:19:24.887] - eth_blockNumber
[2022/03/20 17:19:26.023] - eth_blockNumber
[2022/03/20 17:19:44.894] - eth_blockNumber
[2022/03/20 17:19:46.032] - eth_blockNumber
[2022/03/20 17:20:04.904] - eth_blockNumber
[2022/03/20 17:20:06.042] - eth_blockNumber
[2022/03/20 17:20:24.914] - eth_blockNumber
[2022/03/20 17:20:26.051] - eth_blockNumber
[2022/03/20 17:20:44.924] - eth_blockNumber
[2022/03/20 17:20:46.060] - eth_blockNumber
[2022/03/20 17:21:04.934] - eth_blockNumber
[2022/03/20 17:21:06.067] - eth_blockNumber
[2022/03/20 17:21:24.943] - eth_blockNumber
[2022/03/20 17:21:26.073] - eth_blockNumber
[2022/03/20 17:21:44.953] - eth_blockNumber
[2022/03/20 17:21:46.083] - eth_blockNumber
[2022/03/20 17:22:04.960] - eth_blockNumber
[2022/03/20 17:22:06.093] - eth_blockNumber
[2022/03/20 17:22:24.965] - eth_blockNumber
[2022/03/20 17:22:26.100] - eth_blockNumber
[2022/03/20 17:22:44.972] - eth_blockNumber
[2022/03/20 17:22:46.107] - eth_blockNumber
[2022/03/20 17:23:04.982] - eth_blockNumber
[2022/03/20 17:23:06.116] - eth_blockNumber
[2022/03/20 17:23:24.992] - eth_blockNumber
[2022/03/20 17:23:26.125] - eth_blockNumber
[2022/03/20 17:23:44.999] - eth_blockNumber
[2022/03/20 17:23:46.134] - eth_blockNumber
[2022/03/20 17:24:05.006] - eth_blockNumber
[2022/03/20 17:24:06.143] - eth_blockNumber
[2022/03/20 17:24:25.016] - eth_blockNumber
[2022/03/20 17:24:26.153] - eth_blockNumber
[2022/03/20 17:24:45.026] - eth_blockNumber
[2022/03/20 17:24:46.162] - eth_blockNumber
[2022/03/20 17:25:05.036] - eth_blockNumber
[2022/03/20 17:25:06.167] - eth_blockNumber
[2022/03/20 17:25:25.046] - eth_blockNumber
[2022/03/20 17:25:26.171] - eth_blockNumber
[2022/03/20 17:25:45.056] - eth_blockNumber
[2022/03/20 17:25:46.178] - eth_blockNumber
[2022/03/20 17:26:05.066] - eth_blockNumber
[2022/03/20 17:26:06.188] - eth_blockNumber
[2022/03/20 17:26:25.076] - eth_blockNumber
[2022/03/20 17:26:26.197] - eth_blockNumber
[2022/03/20 17:26:45.083] - eth_blockNumber
[2022/03/20 17:26:46.205] - eth_blockNumber
[2022/03/20 17:27:05.091] - eth_blockNumber
[2022/03/20 17:27:06.211] - eth_blockNumber
[2022/03/20 17:27:25.101] - eth_blockNumber
[2022/03/20 17:27:26.218] - eth_blockNumber
[2022/03/20 17:27:45.111] - eth_blockNumber
[2022/03/20 17:27:46.224] - eth_blockNumber
[2022/03/20 17:28:05.120] - eth_blockNumber
[2022/03/20 17:28:06.233] - eth_blockNumber
[2022/03/20 17:28:25.130] - eth_blockNumber
[2022/03/20 17:28:26.242] - eth_blockNumber
[2022/03/20 17:28:45.140] - eth_blockNumber
[2022/03/20 17:28:46.250] - eth_blockNumber
[2022/03/20 17:29:05.149] - eth_blockNumber
[2022/03/20 17:29:06.259] - eth_blockNumber
[2022/03/20 17:29:25.161] - eth_blockNumber
[2022/03/20 17:29:26.267] - eth_blockNumber
[2022/03/20 17:29:45.170] - eth_blockNumber
[2022/03/20 17:29:46.272] - eth_blockNumber
[2022/03/20 17:30:05.178] - eth_blockNumber
[2022/03/20 17:30:06.280] - eth_blockNumber
[2022/03/20 17:30:25.188] - eth_blockNumber
[2022/03/20 17:30:26.289] - eth_blockNumber
[2022/03/20 17:30:45.198] - eth_blockNumber
[2022/03/20 17:30:46.298] - eth_blockNumber
[2022/03/20 17:31:05.205] - eth_blockNumber
[2022/03/20 17:31:06.306] - eth_blockNumber
[2022/03/20 17:31:25.213] - eth_blockNumber
[2022/03/20 17:31:26.313] - eth_blockNumber
[2022/03/20 17:31:45.223] - eth_blockNumber
[2022/03/20 17:31:46.322] - eth_blockNumber
[2022/03/20 17:32:05.230] - eth_blockNumber
[2022/03/20 17:32:06.330] - eth_blockNumber
[2022/03/20 17:32:25.237] - eth_blockNumber
[2022/03/20 17:32:26.338] - eth_blockNumber
[2022/03/20 17:32:45.249] - eth_blockNumber
[2022/03/20 17:32:46.345] - eth_blockNumber
[2022/03/20 17:33:05.259] - eth_blockNumber
[2022/03/20 17:33:06.352] - eth_blockNumber
[2022/03/20 17:33:25.268] - eth_blockNumber
[2022/03/20 17:33:26.361] - eth_blockNumber
[2022/03/20 17:33:45.278] - eth_blockNumber
[2022/03/20 17:33:46.371] - eth_blockNumber
[2022/03/20 17:34:05.285] - eth_blockNumber
[2022/03/20 17:34:06.378] - eth_blockNumber
[2022/03/20 17:34:25.292] - eth_blockNumber
[2022/03/20 17:34:26.385] - eth_blockNumber
[2022/03/20 17:34:45.302] - eth_blockNumber
[2022/03/20 17:34:46.394] - eth_blockNumber
[2022/03/20 17:35:05.312] - eth_blockNumber
[2022/03/20 17:35:06.404] - eth_blockNumber
[2022/03/20 17:35:25.319] - eth_blockNumber
[2022/03/20 17:35:26.413] - eth_blockNumber
[2022/03/20 17:35:45.326] - eth_blockNumber
[2022/03/20 17:35:46.422] - eth_blockNumber
[2022/03/20 17:36:05.336] - eth_blockNumber
[2022/03/20 17:36:06.432] - eth_blockNumber
[2022/03/20 17:36:25.354] - eth_blockNumber
[2022/03/20 17:36:26.442] - eth_blockNumber
[2022/03/20 17:36:45.365] - eth_blockNumber
[2022/03/20 17:36:46.449] - eth_blockNumber
[2022/03/20 17:37:05.375] - eth_blockNumber
[2022/03/20 17:37:06.453] - eth_blockNumber
[2022/03/20 17:37:25.385] - eth_blockNumber
[2022/03/20 17:37:26.459] - eth_blockNumber
[2022/03/20 17:37:45.397] - eth_blockNumber
[2022/03/20 17:37:46.468] - eth_blockNumber
[2022/03/20 17:38:05.405] - eth_blockNumber
[2022/03/20 17:38:06.478] - eth_blockNumber
[2022/03/20 17:38:25.413] - eth_blockNumber
[2022/03/20 17:38:26.487] - eth_blockNumber
[2022/03/20 17:38:45.421] - eth_blockNumber
[2022/03/20 17:38:46.497] - eth_blockNumber
[2022/03/20 17:39:05.427] - eth_blockNumber
[2022/03/20 17:39:06.505] - eth_blockNumber
[2022/03/20 17:39:25.431] - eth_blockNumber
[2022/03/20 17:39:26.512] - eth_blockNumber
[2022/03/20 17:39:45.439] - eth_blockNumber
[2022/03/20 17:39:46.522] - eth_blockNumber
[2022/03/20 17:40:05.445] - eth_blockNumber
[2022/03/20 17:40:06.530] - eth_blockNumber
[2022/03/20 17:40:25.453] - eth_blockNumber
[2022/03/20 17:40:26.536] - eth_blockNumber
[2022/03/20 17:40:45.463] - eth_blockNumber
[2022/03/20 17:40:46.545] - eth_blockNumber
[2022/03/20 17:41:05.469] - eth_blockNumber
[2022/03/20 17:41:06.553] - eth_blockNumber
[2022/03/20 17:41:25.474] - eth_blockNumber
[2022/03/20 17:41:26.557] - eth_blockNumber
[2022/03/20 17:41:45.482] - eth_blockNumber
[2022/03/20 17:41:46.564] - eth_blockNumber
[2022/03/20 17:42:05.491] - eth_blockNumber
[2022/03/20 17:42:06.573] - eth_blockNumber
[2022/03/20 17:42:25.501] - eth_blockNumber
[2022/03/20 17:42:26.583] - eth_blockNumber
[2022/03/20 17:42:45.509] - eth_blockNumber
[2022/03/20 17:42:46.592] - eth_blockNumber
[2022/03/20 17:43:05.515] - eth_blockNumber
[2022/03/20 17:43:06.601] - eth_blockNumber
[2022/03/20 17:43:25.526] - eth_blockNumber
[2022/03/20 17:43:26.611] - eth_blockNumber
[2022/03/20 17:43:45.537] - eth_blockNumber
[2022/03/20 17:43:46.620] - eth_blockNumber
[2022/03/20 17:44:05.546] - eth_blockNumber
[2022/03/20 17:44:06.629] - eth_blockNumber
[2022/03/20 17:44:25.556] - eth_blockNumber
[2022/03/20 17:44:26.636] - eth_blockNumber
[2022/03/20 17:44:45.566] - eth_blockNumber
[2022/03/20 17:44:46.643] - eth_blockNumber
[2022/03/20 17:45:05.576] - eth_blockNumber
[2022/03/20 17:45:06.652] - eth_blockNumber
[2022/03/20 17:45:25.586] - eth_blockNumber
[2022/03/20 17:45:26.664] - eth_blockNumber
[2022/03/20 17:45:45.593] - eth_blockNumber
[2022/03/20 17:45:46.672] - eth_blockNumber
[2022/03/20 17:46:05.601] - eth_blockNumber
[2022/03/20 17:46:06.679] - eth_blockNumber
[2022/03/20 17:46:25.612] - eth_blockNumber
[2022/03/20 17:46:26.683] - eth_blockNumber
[2022/03/20 17:46:45.623] - eth_blockNumber
[2022/03/20 17:46:46.690] - eth_blockNumber
[2022/03/20 17:47:05.631] - eth_blockNumber
[2022/03/20 17:47:06.700] - eth_blockNumber
[2022/03/20 17:47:25.638] - eth_blockNumber
[2022/03/20 17:47:26.707] - eth_blockNumber
[2022/03/20 17:47:45.648] - eth_blockNumber
[2022/03/20 17:47:46.714] - eth_blockNumber
[2022/03/20 17:48:05.658] - eth_blockNumber
[2022/03/20 17:48:06.723] - eth_blockNumber
[2022/03/20 17:48:25.665] - eth_blockNumber
[2022/03/20 17:48:26.730] - eth_blockNumber
[2022/03/20 17:48:45.672] - eth_blockNumber
[2022/03/20 17:48:46.734] - eth_blockNumber
[2022/03/20 19:27:06.205] - eth_unsubscribe
[2022/03/20 19:27:06.235] - eth_unsubscribe
