[2021/12/11 15:53:15.460] - Starting server with initial configuration: {"gasLimit":6721975,"gasPrice":20000000000,"hardfork":"muirGlacier","hostname":"127.0.0.1","port":7545,"network_id":5777,"default_balance_ether":100,"total_accounts":5,"unlocked_accounts":[],"locked":false,"vmErrorsOnRPCResponse":true,"verbose":false,"db_path":"/root/.config/Ganache/workspaces/Smart-Contract/chaindata","logDirectory":"/home/manuonda/projects/blockchain/logs"}
[2021/12/11 15:53:15.484] - eth_subscribe
[2021/12/11 15:53:15.484] - eth_getLogs
[2021/12/11 15:53:15.484] - eth_subscribe
[2021/12/11 15:53:15.500] - eth_subscribe
[2021/12/11 15:53:15.501] - eth_getLogs
[2021/12/11 15:53:15.501] - eth_subscribe
[2021/12/11 15:53:15.530] - eth_blockNumber
[2021/12/11 15:53:15.531] - eth_accounts
[2021/12/11 15:53:15.531] - eth_gasPrice
[2021/12/11 15:53:15.538] - eth_accounts
[2021/12/11 15:53:15.538] - eth_getBlockByNumber
[2021/12/11 15:53:15.538] - eth_subscribe
[2021/12/11 15:53:15.543] - eth_getBalance
[2021/12/11 15:53:15.544] - eth_getTransactionCount
[2021/12/11 15:53:15.545] - eth_getBalance
[2021/12/11 15:53:15.547] - eth_getTransactionCount
[2021/12/11 15:53:15.548] - eth_getBalance
[2021/12/11 15:53:15.549] - eth_getTransactionCount
[2021/12/11 15:53:15.549] - eth_getBalance
[2021/12/11 15:53:15.550] - eth_getTransactionCount
[2021/12/11 15:53:15.551] - eth_getBalance
[2021/12/11 15:53:15.557] - eth_getTransactionCount
[2021/12/11 15:53:15.564] - eth_getTransactionCount
[2021/12/11 15:53:15.565] - eth_getBalance
[2021/12/11 15:53:15.566] - eth_getTransactionCount
[2021/12/11 15:53:15.566] - eth_getBalance
[2021/12/11 15:53:15.567] - eth_getTransactionCount
[2021/12/11 15:53:15.568] - eth_getBalance
[2021/12/11 15:53:15.569] - eth_getTransactionCount
[2021/12/11 15:53:15.570] - eth_getBalance
[2021/12/11 15:53:15.571] - eth_getTransactionCount
[2021/12/11 15:53:15.573] - eth_blockNumber
[2021/12/11 15:53:15.573] - eth_accounts
[2021/12/11 15:53:15.574] - eth_gasPrice
[2021/12/11 15:53:15.574] - eth_getBlockByNumber
[2021/12/11 15:53:15.574] - eth_subscribe
[2021/12/11 15:53:15.618] - eth_getBalance
[2021/12/11 15:53:15.619] - eth_getTransactionCount
[2021/12/11 15:53:15.620] - eth_getBalance
[2021/12/11 15:53:15.621] - eth_getTransactionCount
[2021/12/11 15:53:15.622] - eth_getBalance
[2021/12/11 15:53:15.622] - eth_getTransactionCount
[2021/12/11 15:53:15.632] - eth_getBalance
[2021/12/11 15:53:15.632] - eth_getTransactionCount
[2021/12/11 15:53:15.633] - eth_getBalance
[2021/12/11 15:53:15.633] - eth_getTransactionCount
[2021/12/11 15:53:15.633] - eth_getBalance
[2021/12/11 15:53:15.633] - eth_getTransactionCount
[2021/12/11 15:53:15.634] - eth_getBalance
[2021/12/11 15:53:15.634] - eth_getTransactionCount
[2021/12/11 15:53:15.634] - eth_getBalance
[2021/12/11 15:53:15.634] - eth_getTransactionCount
[2021/12/11 15:53:15.634] - eth_getBalance
[2021/12/11 15:53:15.634] - eth_getTransactionCount
[2021/12/11 15:53:15.634] - eth_getBalance
[2021/12/11 15:53:15.635] - eth_getTransactionCount
[2021/12/11 15:53:22.786] - eth_unsubscribe
[2021/12/11 15:53:22.786] - eth_unsubscribe
